mode: set
github.com/jptosso/coraza-waf/pkg/operators/nids/cl.go:11.42,12.17 1 1
github.com/jptosso/coraza-waf/pkg/operators/nids/cl.go:15.2,16.16 2 1
github.com/jptosso/coraza-waf/pkg/operators/nids/cl.go:19.2,27.28 8 1
github.com/jptosso/coraza-waf/pkg/operators/nids/cl.go:36.2,36.39 1 1
github.com/jptosso/coraza-waf/pkg/operators/nids/cl.go:43.2,43.18 1 1
github.com/jptosso/coraza-waf/pkg/operators/nids/cl.go:12.17,14.3 1 1
github.com/jptosso/coraza-waf/pkg/operators/nids/cl.go:16.16,18.3 1 0
github.com/jptosso/coraza-waf/pkg/operators/nids/cl.go:27.28,29.18 2 1
github.com/jptosso/coraza-waf/pkg/operators/nids/cl.go:29.18,31.4 1 1
github.com/jptosso/coraza-waf/pkg/operators/nids/cl.go:31.9,33.4 1 1
github.com/jptosso/coraza-waf/pkg/operators/nids/cl.go:36.39,38.3 1 0
github.com/jptosso/coraza-waf/pkg/operators/nids/cl.go:38.8,38.22 1 1
github.com/jptosso/coraza-waf/pkg/operators/nids/cl.go:38.22,40.3 1 1
github.com/jptosso/coraza-waf/pkg/operators/nids/cl.go:40.8,42.3 1 1
github.com/jptosso/coraza-waf/pkg/operators/nids/nids.go:7.30,12.2 1 0
github.com/jptosso/coraza-waf/pkg/operators/nids/us.go:10.42,12.16 2 0
github.com/jptosso/coraza-waf/pkg/operators/nids/us.go:15.2,19.73 5 0
github.com/jptosso/coraza-waf/pkg/operators/nids/us.go:23.2,25.29 3 0
github.com/jptosso/coraza-waf/pkg/operators/nids/us.go:36.2,36.30 1 0
github.com/jptosso/coraza-waf/pkg/operators/nids/us.go:12.16,14.3 1 0
github.com/jptosso/coraza-waf/pkg/operators/nids/us.go:19.73,21.3 1 0
github.com/jptosso/coraza-waf/pkg/operators/nids/us.go:25.29,28.18 3 0
github.com/jptosso/coraza-waf/pkg/operators/nids/us.go:31.3,31.20 1 0
github.com/jptosso/coraza-waf/pkg/operators/nids/us.go:28.18,30.4 1 0
github.com/jptosso/coraza-waf/pkg/operators/nids/us.go:31.20,33.4 1 0
github.com/jptosso/coraza-waf/pkg/transformations/transformations.go:3.50,28.2 1 0
github.com/jptosso/coraza-waf/pkg/transformations/url_decode_uni.go:8.39,11.2 1 0
github.com/jptosso/coraza-waf/pkg/transformations/url_decode_uni.go:13.49,15.58 2 0
github.com/jptosso/coraza-waf/pkg/transformations/url_decode_uni.go:15.58,17.17 2 0
github.com/jptosso/coraza-waf/pkg/transformations/url_decode_uni.go:20.3,20.11 1 0
github.com/jptosso/coraza-waf/pkg/transformations/url_decode_uni.go:17.17,18.14 1 0
github.com/jptosso/coraza-waf/pkg/transformations/cmd_line.go:20.33,23.23 3 0
github.com/jptosso/coraza-waf/pkg/transformations/cmd_line.go:66.2,66.13 1 0
github.com/jptosso/coraza-waf/pkg/transformations/cmd_line.go:23.23,24.20 1 0
github.com/jptosso/coraza-waf/pkg/transformations/cmd_line.go:26.22,26.22 0 0
github.com/jptosso/coraza-waf/pkg/transformations/cmd_line.go:27.23,27.23 0 0
github.com/jptosso/coraza-waf/pkg/transformations/cmd_line.go:28.23,28.23 0 0
github.com/jptosso/coraza-waf/pkg/transformations/cmd_line.go:29.22,30.22 1 0
github.com/jptosso/coraza-waf/pkg/transformations/cmd_line.go:33.22,33.22 0 0
github.com/jptosso/coraza-waf/pkg/transformations/cmd_line.go:34.22,34.22 0 0
github.com/jptosso/coraza-waf/pkg/transformations/cmd_line.go:35.22,35.22 0 0
github.com/jptosso/coraza-waf/pkg/transformations/cmd_line.go:36.23,36.23 0 0
github.com/jptosso/coraza-waf/pkg/transformations/cmd_line.go:37.23,37.23 0 0
github.com/jptosso/coraza-waf/pkg/transformations/cmd_line.go:38.23,39.33 1 0
github.com/jptosso/coraza-waf/pkg/transformations/cmd_line.go:44.17,44.22 1 0
github.com/jptosso/coraza-waf/pkg/transformations/cmd_line.go:47.22,47.22 0 0
github.com/jptosso/coraza-waf/pkg/transformations/cmd_line.go:48.22,49.33 1 0
github.com/jptosso/coraza-waf/pkg/transformations/cmd_line.go:53.17,56.22 3 0
github.com/jptosso/coraza-waf/pkg/transformations/cmd_line.go:59.22,63.22 4 0
github.com/jptosso/coraza-waf/pkg/transformations/cmd_line.go:39.33,43.18 2 0
github.com/jptosso/coraza-waf/pkg/transformations/cmd_line.go:49.33,52.18 1 0
github.com/jptosso/coraza-waf/pkg/transformations/compress_whitespace.go:6.44,9.2 2 0
github.com/jptosso/coraza-waf/pkg/transformations/css_decode.go:6.35,9.2 1 0
github.com/jptosso/coraza-waf/pkg/transformations/html_entity_decode.go:6.42,8.2 1 0
github.com/jptosso/coraza-waf/pkg/transformations/length.go:6.32,8.2 1 0
github.com/jptosso/coraza-waf/pkg/transformations/normalise_path.go:6.39,8.2 1 0
github.com/jptosso/coraza-waf/pkg/transformations/js_decode.go:6.34,9.2 1 0
github.com/jptosso/coraza-waf/pkg/transformations/lowercase.go:6.35,8.2 1 0
github.com/jptosso/coraza-waf/pkg/transformations/none.go:5.30,7.2 1 0
github.com/jptosso/coraza-waf/pkg/transformations/replace_comments.go:6.41,10.2 3 0
github.com/jptosso/coraza-waf/pkg/transformations/replace_nulls.go:6.38,9.2 2 0
github.com/jptosso/coraza-waf/pkg/transformations/sha1.go:8.30,12.2 3 0
github.com/jptosso/coraza-waf/pkg/transformations/base64decode.go:6.38,8.15 2 1
github.com/jptosso/coraza-waf/pkg/transformations/base64decode.go:11.2,11.22 1 1
github.com/jptosso/coraza-waf/pkg/transformations/base64decode.go:8.15,10.3 1 0
github.com/jptosso/coraza-waf/pkg/transformations/hex_encode.go:6.35,10.2 2 0
github.com/jptosso/coraza-waf/pkg/transformations/normalise_path_win.go:7.43,12.2 1 0
github.com/jptosso/coraza-waf/pkg/transformations/normalise_path_win.go:21.32,25.16 4 0
github.com/jptosso/coraza-waf/pkg/transformations/normalise_path_win.go:32.2,42.12 5 0
github.com/jptosso/coraza-waf/pkg/transformations/normalise_path_win.go:47.2,47.12 1 0
github.com/jptosso/coraza-waf/pkg/transformations/normalise_path_win.go:88.2,88.16 1 0
github.com/jptosso/coraza-waf/pkg/transformations/normalise_path_win.go:92.2,92.41 1 0
github.com/jptosso/coraza-waf/pkg/transformations/normalise_path_win.go:25.16,26.43 1 0
github.com/jptosso/coraza-waf/pkg/transformations/normalise_path_win.go:30.3,30.28 1 0
github.com/jptosso/coraza-waf/pkg/transformations/normalise_path_win.go:26.43,29.4 1 0
github.com/jptosso/coraza-waf/pkg/transformations/normalise_path_win.go:42.12,45.3 2 0
github.com/jptosso/coraza-waf/pkg/transformations/normalise_path_win.go:47.12,48.10 1 0
github.com/jptosso/coraza-waf/pkg/transformations/normalise_path_win.go:49.33,51.7 1 0
github.com/jptosso/coraza-waf/pkg/transformations/normalise_path_win.go:52.67,54.7 1 0
github.com/jptosso/coraza-waf/pkg/transformations/normalise_path_win.go:55.87,58.11 2 0
github.com/jptosso/coraza-waf/pkg/transformations/normalise_path_win.go:74.11,77.53 1 0
github.com/jptosso/coraza-waf/pkg/transformations/normalise_path_win.go:81.4,81.50 1 0
github.com/jptosso/coraza-waf/pkg/transformations/normalise_path_win.go:59.24,62.62 2 0
github.com/jptosso/coraza-waf/pkg/transformations/normalise_path_win.go:65.17,67.18 1 0
github.com/jptosso/coraza-waf/pkg/transformations/normalise_path_win.go:70.5,72.19 3 0
github.com/jptosso/coraza-waf/pkg/transformations/normalise_path_win.go:62.62,64.6 1 0
github.com/jptosso/coraza-waf/pkg/transformations/normalise_path_win.go:67.18,69.6 1 0
github.com/jptosso/coraza-waf/pkg/transformations/normalise_path_win.go:77.53,79.5 1 0
github.com/jptosso/coraza-waf/pkg/transformations/normalise_path_win.go:81.50,83.5 1 0
github.com/jptosso/coraza-waf/pkg/transformations/normalise_path_win.go:88.16,90.3 1 0
github.com/jptosso/coraza-waf/pkg/transformations/normalise_path_win.go:95.36,97.2 1 0
github.com/jptosso/coraza-waf/pkg/transformations/normalise_path_win.go:99.37,100.19 1 0
github.com/jptosso/coraza-waf/pkg/transformations/normalise_path_win.go:104.2,105.70 2 0
github.com/jptosso/coraza-waf/pkg/transformations/normalise_path_win.go:109.2,110.39 1 0
github.com/jptosso/coraza-waf/pkg/transformations/normalise_path_win.go:132.2,132.10 1 0
github.com/jptosso/coraza-waf/pkg/transformations/normalise_path_win.go:100.19,102.3 1 0
github.com/jptosso/coraza-waf/pkg/transformations/normalise_path_win.go:105.70,107.3 1 0
github.com/jptosso/coraza-waf/pkg/transformations/normalise_path_win.go:110.39,112.28 1 0
github.com/jptosso/coraza-waf/pkg/transformations/normalise_path_win.go:112.28,114.24 1 0
github.com/jptosso/coraza-waf/pkg/transformations/normalise_path_win.go:114.24,117.26 2 0
github.com/jptosso/coraza-waf/pkg/transformations/normalise_path_win.go:128.5,128.10 1 0
github.com/jptosso/coraza-waf/pkg/transformations/normalise_path_win.go:117.26,118.24 1 0
github.com/jptosso/coraza-waf/pkg/transformations/normalise_path_win.go:121.6,121.23 1 0
github.com/jptosso/coraza-waf/pkg/transformations/normalise_path_win.go:126.6,126.14 1 0
github.com/jptosso/coraza-waf/pkg/transformations/normalise_path_win.go:118.24,119.12 1 0
github.com/jptosso/coraza-waf/pkg/transformations/normalise_path_win.go:121.23,122.27 1 0
github.com/jptosso/coraza-waf/pkg/transformations/normalise_path_win.go:122.27,123.13 1 0
github.com/jptosso/coraza-waf/pkg/transformations/normalise_path_win.go:135.28,137.2 1 0
github.com/jptosso/coraza-waf/pkg/transformations/normalise_path_win.go:147.37,148.18 1 0
github.com/jptosso/coraza-waf/pkg/transformations/normalise_path_win.go:151.2,151.18 1 0
github.com/jptosso/coraza-waf/pkg/transformations/normalise_path_win.go:148.18,150.3 1 0
github.com/jptosso/coraza-waf/pkg/transformations/normalise_path_win.go:154.34,155.18 1 0
github.com/jptosso/coraza-waf/pkg/transformations/normalise_path_win.go:163.2,164.7 2 0
github.com/jptosso/coraza-waf/pkg/transformations/normalise_path_win.go:155.18,156.44 1 0
github.com/jptosso/coraza-waf/pkg/transformations/normalise_path_win.go:160.3,161.28 2 0
github.com/jptosso/coraza-waf/pkg/transformations/normalise_path_win.go:156.44,159.4 2 0
github.com/jptosso/coraza-waf/pkg/transformations/normalise_path_win.go:167.35,168.18 1 0
github.com/jptosso/coraza-waf/pkg/transformations/normalise_path_win.go:171.2,171.54 1 0
github.com/jptosso/coraza-waf/pkg/transformations/normalise_path_win.go:168.18,170.3 1 0
github.com/jptosso/coraza-waf/pkg/transformations/url_encode.go:6.35,8.2 1 0
github.com/jptosso/coraza-waf/pkg/transformations/utf8_to_unicode.go:9.39,11.16 2 0
github.com/jptosso/coraza-waf/pkg/transformations/utf8_to_unicode.go:16.2,17.25 2 0
github.com/jptosso/coraza-waf/pkg/transformations/utf8_to_unicode.go:20.2,20.12 1 0
github.com/jptosso/coraza-waf/pkg/transformations/utf8_to_unicode.go:11.16,15.3 1 0
github.com/jptosso/coraza-waf/pkg/transformations/utf8_to_unicode.go:17.25,19.3 1 0
github.com/jptosso/coraza-waf/pkg/transformations/utf8_to_unicode.go:23.33,24.13 1 0
github.com/jptosso/coraza-waf/pkg/transformations/utf8_to_unicode.go:24.13,26.3 1 0
github.com/jptosso/coraza-waf/pkg/transformations/utf8_to_unicode.go:26.8,28.3 1 0
github.com/jptosso/coraza-waf/pkg/transformations/remove_nulls.go:6.37,9.2 2 0
github.com/jptosso/coraza-waf/pkg/transformations/remove_whitespace.go:6.42,9.2 2 0
github.com/jptosso/coraza-waf/pkg/transformations/url_decode.go:7.36,9.16 2 0
github.com/jptosso/coraza-waf/pkg/transformations/url_decode.go:12.2,12.14 1 0
github.com/jptosso/coraza-waf/pkg/transformations/url_decode.go:9.16,11.3 1 0
github.com/jptosso/coraza-waf/pkg/parser/parser.go:29.40,31.2 1 1
github.com/jptosso/coraza-waf/pkg/parser/parser.go:34.52,37.19 2 0
github.com/jptosso/coraza-waf/pkg/parser/parser.go:40.5,43.18 3 0
github.com/jptosso/coraza-waf/pkg/parser/parser.go:47.2,47.12 1 0
github.com/jptosso/coraza-waf/pkg/parser/parser.go:37.19,39.6 1 0
github.com/jptosso/coraza-waf/pkg/parser/parser.go:43.18,45.6 1 0
github.com/jptosso/coraza-waf/pkg/parser/parser.go:50.58,52.24 2 0
github.com/jptosso/coraza-waf/pkg/parser/parser.go:67.5,67.15 1 0
github.com/jptosso/coraza-waf/pkg/parser/parser.go:52.24,57.19 4 0
github.com/jptosso/coraza-waf/pkg/parser/parser.go:57.19,59.23 2 0
github.com/jptosso/coraza-waf/pkg/parser/parser.go:62.10,62.25 1 0
github.com/jptosso/coraza-waf/pkg/parser/parser.go:59.23,61.11 1 0
github.com/jptosso/coraza-waf/pkg/parser/parser.go:63.14,65.10 1 0
github.com/jptosso/coraza-waf/pkg/parser/parser.go:70.45,72.33 1 1
github.com/jptosso/coraza-waf/pkg/parser/parser.go:76.2,77.18 2 1
github.com/jptosso/coraza-waf/pkg/parser/parser.go:80.2,85.19 3 1
github.com/jptosso/coraza-waf/pkg/parser/parser.go:346.2,346.12 1 1
github.com/jptosso/coraza-waf/pkg/parser/parser.go:72.33,74.3 1 0
github.com/jptosso/coraza-waf/pkg/parser/parser.go:77.18,79.3 1 0
github.com/jptosso/coraza-waf/pkg/parser/parser.go:87.21,89.8 2 0
github.com/jptosso/coraza-waf/pkg/parser/parser.go:90.22,92.8 2 0
github.com/jptosso/coraza-waf/pkg/parser/parser.go:93.28,95.8 2 0
github.com/jptosso/coraza-waf/pkg/parser/parser.go:96.29,98.8 2 0
github.com/jptosso/coraza-waf/pkg/parser/parser.go:99.26,102.24 3 0
github.com/jptosso/coraza-waf/pkg/parser/parser.go:110.3,110.8 1 0
github.com/jptosso/coraza-waf/pkg/parser/parser.go:111.35,113.8 2 0
github.com/jptosso/coraza-waf/pkg/parser/parser.go:114.31,117.8 2 0
github.com/jptosso/coraza-waf/pkg/parser/parser.go:118.25,119.14 1 0
github.com/jptosso/coraza-waf/pkg/parser/parser.go:127.3,127.8 1 0
github.com/jptosso/coraza-waf/pkg/parser/parser.go:128.30,130.8 2 0
github.com/jptosso/coraza-waf/pkg/parser/parser.go:131.23,132.14 1 0
github.com/jptosso/coraza-waf/pkg/parser/parser.go:143.3,143.8 1 0
github.com/jptosso/coraza-waf/pkg/parser/parser.go:144.29,146.8 2 0
github.com/jptosso/coraza-waf/pkg/parser/parser.go:147.21,149.8 2 0
github.com/jptosso/coraza-waf/pkg/parser/parser.go:150.26,152.8 2 0
github.com/jptosso/coraza-waf/pkg/parser/parser.go:153.23,155.8 2 0
github.com/jptosso/coraza-waf/pkg/parser/parser.go:156.20,158.8 2 0
github.com/jptosso/coraza-waf/pkg/parser/parser.go:159.22,161.8 1 0
github.com/jptosso/coraza-waf/pkg/parser/parser.go:162.25,164.8 1 0
github.com/jptosso/coraza-waf/pkg/parser/parser.go:165.25,167.8 1 0
github.com/jptosso/coraza-waf/pkg/parser/parser.go:168.24,170.8 2 0
github.com/jptosso/coraza-waf/pkg/parser/parser.go:171.24,173.8 1 0
github.com/jptosso/coraza-waf/pkg/parser/parser.go:174.24,176.8 1 0
github.com/jptosso/coraza-waf/pkg/parser/parser.go:177.22,179.8 2 0
github.com/jptosso/coraza-waf/pkg/parser/parser.go:180.29,182.8 2 0
github.com/jptosso/coraza-waf/pkg/parser/parser.go:183.27,185.8 2 0
github.com/jptosso/coraza-waf/pkg/parser/parser.go:186.36,189.8 2 0
github.com/jptosso/coraza-waf/pkg/parser/parser.go:190.31,192.8 2 0
github.com/jptosso/coraza-waf/pkg/parser/parser.go:193.21,195.8 2 0
github.com/jptosso/coraza-waf/pkg/parser/parser.go:196.32,198.8 2 0
github.com/jptosso/coraza-waf/pkg/parser/parser.go:199.24,209.17 8 0
github.com/jptosso/coraza-waf/pkg/parser/parser.go:217.3,220.8 4 0
github.com/jptosso/coraza-waf/pkg/parser/parser.go:221.34,223.8 2 0
github.com/jptosso/coraza-waf/pkg/parser/parser.go:224.37,226.8 2 0
github.com/jptosso/coraza-waf/pkg/parser/parser.go:227.35,229.8 2 0
github.com/jptosso/coraza-waf/pkg/parser/parser.go:230.30,232.8 2 0
github.com/jptosso/coraza-waf/pkg/parser/parser.go:233.36,235.8 2 0
github.com/jptosso/coraza-waf/pkg/parser/parser.go:236.33,238.8 2 0
github.com/jptosso/coraza-waf/pkg/parser/parser.go:239.39,241.8 2 0
github.com/jptosso/coraza-waf/pkg/parser/parser.go:242.28,244.8 2 0
github.com/jptosso/coraza-waf/pkg/parser/parser.go:245.25,247.8 2 0
github.com/jptosso/coraza-waf/pkg/parser/parser.go:248.27,251.8 3 0
github.com/jptosso/coraza-waf/pkg/parser/parser.go:252.28,253.48 1 0
github.com/jptosso/coraza-waf/pkg/parser/parser.go:256.3,256.8 1 0
github.com/jptosso/coraza-waf/pkg/parser/parser.go:257.28,258.48 1 0
github.com/jptosso/coraza-waf/pkg/parser/parser.go:261.3,261.8 1 0
github.com/jptosso/coraza-waf/pkg/parser/parser.go:262.23,264.8 2 0
github.com/jptosso/coraza-waf/pkg/parser/parser.go:265.33,268.8 2 0
github.com/jptosso/coraza-waf/pkg/parser/parser.go:269.33,274.8 5 0
github.com/jptosso/coraza-waf/pkg/parser/parser.go:275.34,283.8 2 0
github.com/jptosso/coraza-waf/pkg/parser/parser.go:284.34,290.8 1 0
github.com/jptosso/coraza-waf/pkg/parser/parser.go:291.28,293.8 2 0
github.com/jptosso/coraza-waf/pkg/parser/parser.go:294.36,296.8 2 0
github.com/jptosso/coraza-waf/pkg/parser/parser.go:297.19,299.8 2 0
github.com/jptosso/coraza-waf/pkg/parser/parser.go:300.22,302.8 2 0
github.com/jptosso/coraza-waf/pkg/parser/parser.go:303.28,305.8 2 0
github.com/jptosso/coraza-waf/pkg/parser/parser.go:306.27,308.8 2 0
github.com/jptosso/coraza-waf/pkg/parser/parser.go:309.28,310.8 1 0
github.com/jptosso/coraza-waf/pkg/parser/parser.go:311.21,313.8 2 0
github.com/jptosso/coraza-waf/pkg/parser/parser.go:314.30,315.8 1 0
github.com/jptosso/coraza-waf/pkg/parser/parser.go:316.23,317.36 1 0
github.com/jptosso/coraza-waf/pkg/parser/parser.go:318.30,319.43 1 0
github.com/jptosso/coraza-waf/pkg/parser/parser.go:320.29,322.16 2 0
github.com/jptosso/coraza-waf/pkg/parser/parser.go:326.3,326.33 1 0
github.com/jptosso/coraza-waf/pkg/parser/parser.go:327.31,328.44 1 0
github.com/jptosso/coraza-waf/pkg/parser/parser.go:329.17,331.16 2 1
github.com/jptosso/coraza-waf/pkg/parser/parser.go:334.3,334.24 1 1
github.com/jptosso/coraza-waf/pkg/parser/parser.go:335.19,336.54 1 0
github.com/jptosso/coraza-waf/pkg/parser/parser.go:337.19,338.38 1 0
github.com/jptosso/coraza-waf/pkg/parser/parser.go:339.31,340.34 1 0
github.com/jptosso/coraza-waf/pkg/parser/parser.go:341.21,342.24 1 0
github.com/jptosso/coraza-waf/pkg/parser/parser.go:343.10,344.58 1 0
github.com/jptosso/coraza-waf/pkg/parser/parser.go:102.24,104.24 2 0
github.com/jptosso/coraza-waf/pkg/parser/parser.go:108.4,108.63 1 0
github.com/jptosso/coraza-waf/pkg/parser/parser.go:104.24,106.13 2 0
github.com/jptosso/coraza-waf/pkg/parser/parser.go:120.21,122.9 2 0
github.com/jptosso/coraza-waf/pkg/parser/parser.go:123.16,125.9 2 0
github.com/jptosso/coraza-waf/pkg/parser/parser.go:133.13,135.9 2 0
github.com/jptosso/coraza-waf/pkg/parser/parser.go:136.14,138.9 2 0
github.com/jptosso/coraza-waf/pkg/parser/parser.go:139.21,141.9 2 0
github.com/jptosso/coraza-waf/pkg/parser/parser.go:209.17,210.35 1 0
github.com/jptosso/coraza-waf/pkg/parser/parser.go:215.4,215.14 1 0
github.com/jptosso/coraza-waf/pkg/parser/parser.go:210.35,214.5 3 0
github.com/jptosso/coraza-waf/pkg/parser/parser.go:253.48,255.4 1 0
github.com/jptosso/coraza-waf/pkg/parser/parser.go:258.48,260.4 1 0
github.com/jptosso/coraza-waf/pkg/parser/parser.go:322.16,325.4 2 0
github.com/jptosso/coraza-waf/pkg/parser/parser.go:331.16,333.4 1 0
github.com/jptosso/coraza-waf/pkg/parser/parser.go:349.62,366.21 12 1
github.com/jptosso/coraza-waf/pkg/parser/parser.go:371.2,371.16 1 1
github.com/jptosso/coraza-waf/pkg/parser/parser.go:384.2,384.18 1 1
github.com/jptosso/coraza-waf/pkg/parser/parser.go:387.2,388.18 2 1
github.com/jptosso/coraza-waf/pkg/parser/parser.go:366.21,369.3 2 1
github.com/jptosso/coraza-waf/pkg/parser/parser.go:371.16,378.29 6 0
github.com/jptosso/coraza-waf/pkg/parser/parser.go:382.3,382.25 1 0
github.com/jptosso/coraza-waf/pkg/parser/parser.go:378.29,380.4 1 0
github.com/jptosso/coraza-waf/pkg/parser/parser.go:384.18,386.3 1 0
github.com/jptosso/coraza-waf/pkg/parser/parser.go:391.68,397.31 4 1
github.com/jptosso/coraza-waf/pkg/parser/parser.go:397.31,404.21 6 1
github.com/jptosso/coraza-waf/pkg/parser/parser.go:408.3,408.21 1 1
github.com/jptosso/coraza-waf/pkg/parser/parser.go:419.3,421.14 3 1
github.com/jptosso/coraza-waf/pkg/parser/parser.go:427.6,428.26 2 1
github.com/jptosso/coraza-waf/pkg/parser/parser.go:404.21,407.4 2 0
github.com/jptosso/coraza-waf/pkg/parser/parser.go:408.21,411.4 2 1
github.com/jptosso/coraza-waf/pkg/parser/parser.go:421.14,423.4 1 1
github.com/jptosso/coraza-waf/pkg/parser/parser.go:423.8,425.4 1 1
github.com/jptosso/coraza-waf/pkg/parser/parser.go:428.26,429.12 1 1
github.com/jptosso/coraza-waf/pkg/parser/parser.go:435.71,436.20 1 1
github.com/jptosso/coraza-waf/pkg/parser/parser.go:439.2,439.45 1 1
github.com/jptosso/coraza-waf/pkg/parser/parser.go:443.2,448.18 5 1
github.com/jptosso/coraza-waf/pkg/parser/parser.go:453.2,453.18 1 1
github.com/jptosso/coraza-waf/pkg/parser/parser.go:461.2,462.23 2 1
github.com/jptosso/coraza-waf/pkg/parser/parser.go:465.2,465.34 1 1
github.com/jptosso/coraza-waf/pkg/parser/parser.go:436.20,438.3 1 0
github.com/jptosso/coraza-waf/pkg/parser/parser.go:439.45,442.3 1 0
github.com/jptosso/coraza-waf/pkg/parser/parser.go:448.18,452.3 2 0
github.com/jptosso/coraza-waf/pkg/parser/parser.go:453.18,456.20 2 1
github.com/jptosso/coraza-waf/pkg/parser/parser.go:456.20,458.4 1 1
github.com/jptosso/coraza-waf/pkg/parser/parser.go:462.23,464.3 1 0
github.com/jptosso/coraza-waf/pkg/parser/parser.go:465.34,467.3 1 0
github.com/jptosso/coraza-waf/pkg/parser/parser.go:467.7,469.3 1 1
github.com/jptosso/coraza-waf/pkg/parser/parser.go:472.74,482.31 7 1
github.com/jptosso/coraza-waf/pkg/parser/parser.go:504.2,504.12 1 1
github.com/jptosso/coraza-waf/pkg/parser/parser.go:482.31,488.19 6 1
github.com/jptosso/coraza-waf/pkg/parser/parser.go:491.3,491.28 1 1
github.com/jptosso/coraza-waf/pkg/parser/parser.go:499.6,500.26 2 1
github.com/jptosso/coraza-waf/pkg/parser/parser.go:488.19,490.4 1 1
github.com/jptosso/coraza-waf/pkg/parser/parser.go:491.28,494.4 1 0
github.com/jptosso/coraza-waf/pkg/parser/parser.go:494.8,498.4 3 1
github.com/jptosso/coraza-waf/pkg/parser/parser.go:500.26,501.12 1 1
github.com/jptosso/coraza-waf/pkg/engine/logger.go:13.69,16.2 2 0
github.com/jptosso/coraza-waf/pkg/engine/logger.go:18.60,24.2 4 0
github.com/jptosso/coraza-waf/pkg/engine/logger.go:26.49,30.2 2 0
github.com/jptosso/coraza-waf/pkg/engine/logger.go:32.51,34.18 2 0
github.com/jptosso/coraza-waf/pkg/engine/logger.go:43.2,43.12 1 0
github.com/jptosso/coraza-waf/pkg/engine/logger.go:35.28,37.8 2 0
github.com/jptosso/coraza-waf/pkg/engine/logger.go:38.23,40.8 2 0
github.com/jptosso/coraza-waf/pkg/engine/rule.go:73.23,77.2 3 0
github.com/jptosso/coraza-waf/pkg/engine/rule.go:80.50,83.14 2 0
github.com/jptosso/coraza-waf/pkg/engine/rule.go:87.2,88.47 2 0
github.com/jptosso/coraza-waf/pkg/engine/rule.go:95.2,96.15 2 0
github.com/jptosso/coraza-waf/pkg/engine/rule.go:103.2,103.32 1 0
github.com/jptosso/coraza-waf/pkg/engine/rule.go:178.2,178.28 1 0
github.com/jptosso/coraza-waf/pkg/engine/rule.go:183.2,185.19 2 0
github.com/jptosso/coraza-waf/pkg/engine/rule.go:203.2,203.20 1 0
github.com/jptosso/coraza-waf/pkg/engine/rule.go:212.2,212.22 1 0
github.com/jptosso/coraza-waf/pkg/engine/rule.go:83.14,85.3 1 0
github.com/jptosso/coraza-waf/pkg/engine/rule.go:88.47,89.38 1 0
github.com/jptosso/coraza-waf/pkg/engine/rule.go:89.38,90.28 1 0
github.com/jptosso/coraza-waf/pkg/engine/rule.go:90.28,92.5 1 0
github.com/jptosso/coraza-waf/pkg/engine/rule.go:96.15,98.26 2 0
github.com/jptosso/coraza-waf/pkg/engine/rule.go:98.26,100.4 1 0
github.com/jptosso/coraza-waf/pkg/engine/rule.go:103.32,108.32 2 0
github.com/jptosso/coraza-waf/pkg/engine/rule.go:115.3,115.13 1 0
github.com/jptosso/coraza-waf/pkg/engine/rule.go:108.32,110.4 1 0
github.com/jptosso/coraza-waf/pkg/engine/rule.go:110.8,113.4 1 0
github.com/jptosso/coraza-waf/pkg/engine/rule.go:115.13,119.27 3 0
github.com/jptosso/coraza-waf/pkg/engine/rule.go:122.4,122.34 1 0
github.com/jptosso/coraza-waf/pkg/engine/rule.go:119.27,121.5 1 0
github.com/jptosso/coraza-waf/pkg/engine/rule.go:122.34,123.32 1 0
github.com/jptosso/coraza-waf/pkg/engine/rule.go:130.5,130.93 1 0
github.com/jptosso/coraza-waf/pkg/engine/rule.go:123.32,124.36 1 0
github.com/jptosso/coraza-waf/pkg/engine/rule.go:128.6,128.23 1 0
github.com/jptosso/coraza-waf/pkg/engine/rule.go:124.36,126.15 1 0
github.com/jptosso/coraza-waf/pkg/engine/rule.go:132.8,133.23 1 0
github.com/jptosso/coraza-waf/pkg/engine/rule.go:146.4,146.31 1 0
github.com/jptosso/coraza-waf/pkg/engine/rule.go:133.23,134.34 1 0
github.com/jptosso/coraza-waf/pkg/engine/rule.go:144.5,144.13 1 0
github.com/jptosso/coraza-waf/pkg/engine/rule.go:134.34,135.33 1 0
github.com/jptosso/coraza-waf/pkg/engine/rule.go:142.6,142.93 1 0
github.com/jptosso/coraza-waf/pkg/engine/rule.go:135.33,136.37 1 0
github.com/jptosso/coraza-waf/pkg/engine/rule.go:140.7,140.24 1 0
github.com/jptosso/coraza-waf/pkg/engine/rule.go:136.37,138.16 1 0
github.com/jptosso/coraza-waf/pkg/engine/rule.go:146.31,148.20 2 0
github.com/jptosso/coraza-waf/pkg/engine/rule.go:153.5,153.30 1 0
github.com/jptosso/coraza-waf/pkg/engine/rule.go:148.20,150.6 1 0
github.com/jptosso/coraza-waf/pkg/engine/rule.go:150.10,152.6 1 0
github.com/jptosso/coraza-waf/pkg/engine/rule.go:153.30,154.36 1 0
github.com/jptosso/coraza-waf/pkg/engine/rule.go:154.36,157.34 2 0
github.com/jptosso/coraza-waf/pkg/engine/rule.go:165.7,165.28 1 0
github.com/jptosso/coraza-waf/pkg/engine/rule.go:170.7,171.49 2 0
github.com/jptosso/coraza-waf/pkg/engine/rule.go:157.34,158.38 1 0
github.com/jptosso/coraza-waf/pkg/engine/rule.go:162.8,162.25 1 0
github.com/jptosso/coraza-waf/pkg/engine/rule.go:158.38,160.17 1 0
github.com/jptosso/coraza-waf/pkg/engine/rule.go:165.28,167.8 1 0
github.com/jptosso/coraza-waf/pkg/engine/rule.go:167.12,169.8 1 0
github.com/jptosso/coraza-waf/pkg/engine/rule.go:178.28,181.3 1 0
github.com/jptosso/coraza-waf/pkg/engine/rule.go:185.19,189.16 3 0
github.com/jptosso/coraza-waf/pkg/engine/rule.go:200.3,200.39 1 0
github.com/jptosso/coraza-waf/pkg/engine/rule.go:189.16,191.18 2 0
github.com/jptosso/coraza-waf/pkg/engine/rule.go:195.4,198.17 2 0
github.com/jptosso/coraza-waf/pkg/engine/rule.go:191.18,194.5 1 0
github.com/jptosso/coraza-waf/pkg/engine/rule.go:203.20,206.30 2 0
github.com/jptosso/coraza-waf/pkg/engine/rule.go:206.30,207.34 1 0
github.com/jptosso/coraza-waf/pkg/engine/rule.go:207.34,209.5 1 0
github.com/jptosso/coraza-waf/pkg/engine/rule.go:215.67,217.40 2 0
github.com/jptosso/coraza-waf/pkg/engine/rule.go:220.5,220.41 1 0
github.com/jptosso/coraza-waf/pkg/engine/rule.go:223.2,223.15 1 0
github.com/jptosso/coraza-waf/pkg/engine/rule.go:217.40,219.6 1 0
github.com/jptosso/coraza-waf/pkg/engine/rule.go:220.41,222.6 1 0
github.com/jptosso/coraza-waf/pkg/engine/rule.go:226.71,229.38 2 0
github.com/jptosso/coraza-waf/pkg/engine/rule.go:237.2,237.12 1 0
github.com/jptosso/coraza-waf/pkg/engine/rule.go:229.38,236.3 6 0
github.com/jptosso/coraza-waf/pkg/engine/rule.go:240.59,241.38 1 0
github.com/jptosso/coraza-waf/pkg/engine/rule.go:248.2,248.14 1 0
github.com/jptosso/coraza-waf/pkg/engine/rule.go:241.38,247.3 5 0
github.com/jptosso/coraza-waf/pkg/engine/rule.go:251.87,254.2 2 0
github.com/jptosso/coraza-waf/pkg/engine/rule.go:256.64,257.32 1 0
github.com/jptosso/coraza-waf/pkg/engine/rule.go:257.32,258.33 1 0
github.com/jptosso/coraza-waf/pkg/engine/rule.go:258.33,262.4 3 0
github.com/jptosso/coraza-waf/pkg/engine/rulegroup.go:13.28,15.2 1 1
github.com/jptosso/coraza-waf/pkg/engine/rulegroup.go:19.43,20.32 1 0
github.com/jptosso/coraza-waf/pkg/engine/rulegroup.go:23.2,24.12 2 0
github.com/jptosso/coraza-waf/pkg/engine/rulegroup.go:20.32,22.3 1 0
github.com/jptosso/coraza-waf/pkg/engine/rulegroup.go:27.40,29.2 1 0
github.com/jptosso/coraza-waf/pkg/engine/rulegroup.go:31.29,32.43 1 0
github.com/jptosso/coraza-waf/pkg/engine/rulegroup.go:32.43,34.3 1 0
github.com/jptosso/coraza-waf/pkg/engine/rulegroup.go:37.44,38.28 1 0
github.com/jptosso/coraza-waf/pkg/engine/rulegroup.go:43.2,43.12 1 0
github.com/jptosso/coraza-waf/pkg/engine/rulegroup.go:38.28,39.16 1 0
github.com/jptosso/coraza-waf/pkg/engine/rulegroup.go:39.16,41.4 1 0
github.com/jptosso/coraza-waf/pkg/engine/rulegroup.go:46.40,47.28 1 0
github.com/jptosso/coraza-waf/pkg/engine/rulegroup.go:47.28,48.16 1 0
github.com/jptosso/coraza-waf/pkg/engine/rulegroup.go:48.16,52.4 3 0
github.com/jptosso/coraza-waf/pkg/engine/rulegroup.go:56.51,58.28 2 0
github.com/jptosso/coraza-waf/pkg/engine/rulegroup.go:63.2,63.14 1 0
github.com/jptosso/coraza-waf/pkg/engine/rulegroup.go:58.28,59.18 1 0
github.com/jptosso/coraza-waf/pkg/engine/rulegroup.go:59.18,61.4 1 0
github.com/jptosso/coraza-waf/pkg/engine/rulegroup.go:66.51,68.28 2 0
github.com/jptosso/coraza-waf/pkg/engine/rulegroup.go:73.2,73.14 1 0
github.com/jptosso/coraza-waf/pkg/engine/rulegroup.go:68.28,69.39 1 0
github.com/jptosso/coraza-waf/pkg/engine/rulegroup.go:69.39,71.4 1 0
github.com/jptosso/coraza-waf/pkg/engine/rulegroup.go:76.33,78.2 1 0
github.com/jptosso/coraza-waf/pkg/engine/transaction.go:81.58,82.18 1 0
github.com/jptosso/coraza-waf/pkg/engine/transaction.go:86.5,88.31 3 0
github.com/jptosso/coraza-waf/pkg/engine/transaction.go:108.5,108.16 1 0
github.com/jptosso/coraza-waf/pkg/engine/transaction.go:82.18,84.6 1 0
github.com/jptosso/coraza-waf/pkg/engine/transaction.go:88.31,93.30 5 0
github.com/jptosso/coraza-waf/pkg/engine/transaction.go:96.9,97.29 2 0
github.com/jptosso/coraza-waf/pkg/engine/transaction.go:100.9,101.31 2 0
github.com/jptosso/coraza-waf/pkg/engine/transaction.go:93.30,95.10 1 0
github.com/jptosso/coraza-waf/pkg/engine/transaction.go:97.29,99.10 1 0
github.com/jptosso/coraza-waf/pkg/engine/transaction.go:101.31,103.10 1 0
github.com/jptosso/coraza-waf/pkg/engine/transaction.go:103.14,105.10 1 0
github.com/jptosso/coraza-waf/pkg/engine/transaction.go:114.71,118.30 4 0
github.com/jptosso/coraza-waf/pkg/engine/transaction.go:126.5,126.72 1 0
github.com/jptosso/coraza-waf/pkg/engine/transaction.go:129.5,129.70 1 0
github.com/jptosso/coraza-waf/pkg/engine/transaction.go:118.30,119.20 1 0
github.com/jptosso/coraza-waf/pkg/engine/transaction.go:122.9,123.64 2 0
github.com/jptosso/coraza-waf/pkg/engine/transaction.go:119.20,120.21 1 0
github.com/jptosso/coraza-waf/pkg/engine/transaction.go:126.72,128.6 1 0
github.com/jptosso/coraza-waf/pkg/engine/transaction.go:129.70,132.6 1 0
github.com/jptosso/coraza-waf/pkg/engine/transaction.go:136.67,142.2 5 0
github.com/jptosso/coraza-waf/pkg/engine/transaction.go:145.61,150.27 5 0
github.com/jptosso/coraza-waf/pkg/engine/transaction.go:150.27,151.20 1 0
github.com/jptosso/coraza-waf/pkg/engine/transaction.go:154.9,155.53 2 0
github.com/jptosso/coraza-waf/pkg/engine/transaction.go:151.20,152.21 1 0
github.com/jptosso/coraza-waf/pkg/engine/transaction.go:160.62,165.27 5 0
github.com/jptosso/coraza-waf/pkg/engine/transaction.go:165.27,166.20 1 0
github.com/jptosso/coraza-waf/pkg/engine/transaction.go:169.9,170.53 2 0
github.com/jptosso/coraza-waf/pkg/engine/transaction.go:166.20,167.21 1 0
github.com/jptosso/coraza-waf/pkg/engine/transaction.go:174.49,178.2 3 0
github.com/jptosso/coraza-waf/pkg/engine/transaction.go:181.75,185.39 4 0
github.com/jptosso/coraza-waf/pkg/engine/transaction.go:193.5,193.85 1 0
github.com/jptosso/coraza-waf/pkg/engine/transaction.go:185.39,187.40 2 0
github.com/jptosso/coraza-waf/pkg/engine/transaction.go:187.40,191.10 3 0
github.com/jptosso/coraza-waf/pkg/engine/transaction.go:197.41,201.61 4 0
github.com/jptosso/coraza-waf/pkg/engine/transaction.go:209.5,213.62 2 0
github.com/jptosso/coraza-waf/pkg/engine/transaction.go:201.61,202.20 1 0
github.com/jptosso/coraza-waf/pkg/engine/transaction.go:205.9,205.29 1 0
github.com/jptosso/coraza-waf/pkg/engine/transaction.go:202.20,203.21 1 0
github.com/jptosso/coraza-waf/pkg/engine/transaction.go:205.29,207.10 1 0
github.com/jptosso/coraza-waf/pkg/engine/transaction.go:218.67,224.2 5 0
github.com/jptosso/coraza-waf/pkg/engine/transaction.go:226.61,230.2 3 0
github.com/jptosso/coraza-waf/pkg/engine/transaction.go:232.51,236.2 3 0
github.com/jptosso/coraza-waf/pkg/engine/transaction.go:240.66,243.61 3 0
github.com/jptosso/coraza-waf/pkg/engine/transaction.go:246.5,248.58 3 0
github.com/jptosso/coraza-waf/pkg/engine/transaction.go:243.61,245.6 1 0
github.com/jptosso/coraza-waf/pkg/engine/transaction.go:260.66,263.30 3 0
github.com/jptosso/coraza-waf/pkg/engine/transaction.go:263.30,266.6 2 0
github.com/jptosso/coraza-waf/pkg/engine/transaction.go:270.67,273.63 3 0
github.com/jptosso/coraza-waf/pkg/engine/transaction.go:276.5,278.59 3 0
github.com/jptosso/coraza-waf/pkg/engine/transaction.go:273.63,275.6 1 0
github.com/jptosso/coraza-waf/pkg/engine/transaction.go:282.72,286.30 4 0
github.com/jptosso/coraza-waf/pkg/engine/transaction.go:286.30,287.20 1 0
github.com/jptosso/coraza-waf/pkg/engine/transaction.go:290.9,290.65 1 0
github.com/jptosso/coraza-waf/pkg/engine/transaction.go:287.20,288.21 1 0
github.com/jptosso/coraza-waf/pkg/engine/transaction.go:295.54,301.2 4 0
github.com/jptosso/coraza-waf/pkg/engine/transaction.go:304.42,310.20 6 0
github.com/jptosso/coraza-waf/pkg/engine/transaction.go:313.5,317.63 5 0
github.com/jptosso/coraza-waf/pkg/engine/transaction.go:310.20,312.6 1 0
github.com/jptosso/coraza-waf/pkg/engine/transaction.go:321.53,325.29 4 0
github.com/jptosso/coraza-waf/pkg/engine/transaction.go:325.29,326.29 1 0
github.com/jptosso/coraza-waf/pkg/engine/transaction.go:330.9,331.53 2 0
github.com/jptosso/coraza-waf/pkg/engine/transaction.go:326.29,329.10 2 0
github.com/jptosso/coraza-waf/pkg/engine/transaction.go:336.54,340.29 4 0
github.com/jptosso/coraza-waf/pkg/engine/transaction.go:340.29,341.29 1 0
github.com/jptosso/coraza-waf/pkg/engine/transaction.go:345.9,346.53 2 0
github.com/jptosso/coraza-waf/pkg/engine/transaction.go:341.29,344.10 2 0
github.com/jptosso/coraza-waf/pkg/engine/transaction.go:351.90,358.2 5 0
github.com/jptosso/coraza-waf/pkg/engine/transaction.go:361.56,365.2 3 0
github.com/jptosso/coraza-waf/pkg/engine/transaction.go:368.44,372.18 4 0
github.com/jptosso/coraza-waf/pkg/engine/transaction.go:375.5,375.56 1 0
github.com/jptosso/coraza-waf/pkg/engine/transaction.go:372.18,374.6 1 0
github.com/jptosso/coraza-waf/pkg/engine/transaction.go:379.62,382.2 2 0
github.com/jptosso/coraza-waf/pkg/engine/transaction.go:384.42,392.27 2 0
github.com/jptosso/coraza-waf/pkg/engine/transaction.go:397.5,397.30 1 0
github.com/jptosso/coraza-waf/pkg/engine/transaction.go:392.27,395.6 2 0
github.com/jptosso/coraza-waf/pkg/engine/transaction.go:397.30,400.6 2 0
github.com/jptosso/coraza-waf/pkg/engine/transaction.go:404.38,406.28 1 0
github.com/jptosso/coraza-waf/pkg/engine/transaction.go:406.28,409.6 2 0
github.com/jptosso/coraza-waf/pkg/engine/transaction.go:412.35,443.2 27 0
github.com/jptosso/coraza-waf/pkg/engine/transaction.go:445.44,450.2 4 0
github.com/jptosso/coraza-waf/pkg/engine/transaction.go:452.53,453.31 1 0
github.com/jptosso/coraza-waf/pkg/engine/transaction.go:456.5,458.55 2 0
github.com/jptosso/coraza-waf/pkg/engine/transaction.go:484.5,484.20 1 0
github.com/jptosso/coraza-waf/pkg/engine/transaction.go:487.5,487.18 1 0
github.com/jptosso/coraza-waf/pkg/engine/transaction.go:494.5,494.15 1 0
github.com/jptosso/coraza-waf/pkg/engine/transaction.go:453.31,455.6 1 0
github.com/jptosso/coraza-waf/pkg/engine/transaction.go:458.55,460.28 1 0
github.com/jptosso/coraza-waf/pkg/engine/transaction.go:463.9,463.30 1 0
github.com/jptosso/coraza-waf/pkg/engine/transaction.go:473.9,473.23 1 0
github.com/jptosso/coraza-waf/pkg/engine/transaction.go:480.9,482.20 3 0
github.com/jptosso/coraza-waf/pkg/engine/transaction.go:460.28,461.21 1 0
github.com/jptosso/coraza-waf/pkg/engine/transaction.go:463.30,464.41 1 0
github.com/jptosso/coraza-waf/pkg/engine/transaction.go:464.41,467.25 1 0
github.com/jptosso/coraza-waf/pkg/engine/transaction.go:468.18,471.14 1 0
github.com/jptosso/coraza-waf/pkg/engine/transaction.go:473.23,477.21 2 0
github.com/jptosso/coraza-waf/pkg/engine/transaction.go:484.20,486.6 1 0
github.com/jptosso/coraza-waf/pkg/engine/transaction.go:487.18,488.23 1 0
github.com/jptosso/coraza-waf/pkg/engine/transaction.go:488.23,489.37 1 0
github.com/jptosso/coraza-waf/pkg/engine/transaction.go:489.37,491.14 1 0
github.com/jptosso/coraza-waf/pkg/engine/transaction.go:497.78,507.2 2 0
github.com/jptosso/coraza-waf/pkg/engine/transaction.go:509.50,511.2 1 0
github.com/jptosso/coraza-waf/pkg/engine/transaction.go:513.48,515.2 1 0
github.com/jptosso/coraza-waf/pkg/engine/transaction.go:517.69,521.2 3 0
github.com/jptosso/coraza-waf/pkg/engine/transaction.go:523.62,526.18 3 0
github.com/jptosso/coraza-waf/pkg/engine/transaction.go:529.5,529.32 1 0
github.com/jptosso/coraza-waf/pkg/engine/transaction.go:526.18,528.6 1 0
github.com/jptosso/coraza-waf/pkg/engine/transaction.go:532.95,535.18 3 0
github.com/jptosso/coraza-waf/pkg/engine/transaction.go:538.5,538.50 1 0
github.com/jptosso/coraza-waf/pkg/engine/transaction.go:535.18,537.6 1 0
github.com/jptosso/coraza-waf/pkg/engine/transaction.go:541.47,546.2 4 0
github.com/jptosso/coraza-waf/pkg/engine/transaction.go:548.44,551.2 2 0
github.com/jptosso/coraza-waf/pkg/engine/transaction.go:553.46,557.2 3 0
github.com/jptosso/coraza-waf/pkg/engine/transaction.go:560.39,562.2 1 0
github.com/jptosso/coraza-waf/pkg/engine/concurrent_logger.go:19.51,21.16 2 0
github.com/jptosso/coraza-waf/pkg/engine/concurrent_logger.go:24.2,26.12 3 0
github.com/jptosso/coraza-waf/pkg/engine/concurrent_logger.go:21.16,23.3 1 0
github.com/jptosso/coraza-waf/pkg/engine/concurrent_logger.go:29.61,48.15 16 0
github.com/jptosso/coraza-waf/pkg/engine/concurrent_logger.go:52.2,55.15 3 0
github.com/jptosso/coraza-waf/pkg/engine/concurrent_logger.go:58.2,59.12 2 0
github.com/jptosso/coraza-waf/pkg/engine/concurrent_logger.go:48.15,50.3 1 0
github.com/jptosso/coraza-waf/pkg/engine/concurrent_logger.go:55.15,57.3 1 0
github.com/jptosso/coraza-waf/pkg/engine/http_logger.go:24.44,29.2 4 0
github.com/jptosso/coraza-waf/pkg/engine/http_logger.go:31.30,34.11 2 0
github.com/jptosso/coraza-waf/pkg/engine/http_logger.go:34.11,35.17 1 0
github.com/jptosso/coraza-waf/pkg/engine/http_logger.go:50.3,50.21 1 0
github.com/jptosso/coraza-waf/pkg/engine/http_logger.go:35.17,38.18 2 0
github.com/jptosso/coraza-waf/pkg/engine/http_logger.go:44.4,45.17 2 0
github.com/jptosso/coraza-waf/pkg/engine/http_logger.go:38.18,40.13 2 0
github.com/jptosso/coraza-waf/pkg/engine/http_logger.go:41.9,43.5 1 0
github.com/jptosso/coraza-waf/pkg/engine/http_logger.go:45.17,48.5 2 0
github.com/jptosso/coraza-waf/pkg/engine/http_logger.go:54.42,57.23 3 0
github.com/jptosso/coraza-waf/pkg/engine/http_logger.go:60.2,63.10 4 0
github.com/jptosso/coraza-waf/pkg/engine/http_logger.go:57.23,59.3 1 0
github.com/jptosso/coraza-waf/pkg/engine/http_logger.go:66.29,68.2 1 0
github.com/jptosso/coraza-waf/pkg/engine/http_logger.go:70.49,75.2 4 0
github.com/jptosso/coraza-waf/pkg/engine/http_logger.go:77.49,82.16 4 0
github.com/jptosso/coraza-waf/pkg/engine/http_logger.go:85.2,89.15 4 0
github.com/jptosso/coraza-waf/pkg/engine/http_logger.go:93.2,93.27 1 0
github.com/jptosso/coraza-waf/pkg/engine/http_logger.go:96.2,96.12 1 0
github.com/jptosso/coraza-waf/pkg/engine/http_logger.go:82.16,84.3 1 0
github.com/jptosso/coraza-waf/pkg/engine/http_logger.go:89.15,91.3 1 0
github.com/jptosso/coraza-waf/pkg/engine/http_logger.go:93.27,95.3 1 0
github.com/jptosso/coraza-waf/pkg/engine/waf.go:93.22,99.16 5 1
github.com/jptosso/coraza-waf/pkg/engine/waf.go:99.16,101.3 1 0
github.com/jptosso/coraza-waf/pkg/engine/waf.go:105.75,113.19 3 1
github.com/jptosso/coraza-waf/pkg/engine/waf.go:116.5,116.15 1 1
github.com/jptosso/coraza-waf/pkg/engine/waf.go:113.19,115.6 1 0
github.com/jptosso/coraza-waf/pkg/engine/waf.go:120.43,123.18 3 0
github.com/jptosso/coraza-waf/pkg/engine/waf.go:126.5,126.15 1 0
github.com/jptosso/coraza-waf/pkg/engine/waf.go:123.18,125.6 1 0
github.com/jptosso/coraza-waf/pkg/engine/waf.go:130.44,134.2 3 0
github.com/jptosso/coraza-waf/pkg/engine/auditlog.go:82.55,125.36 6 0
github.com/jptosso/coraza-waf/pkg/engine/auditlog.go:125.36,148.3 2 0
github.com/jptosso/coraza-waf/pkg/engine/auditlog.go:151.36,154.2 2 0
github.com/jptosso/coraza-waf/pkg/operators/validate_byte_range.go:15.46,19.24 4 1
github.com/jptosso/coraza-waf/pkg/operators/validate_byte_range.go:35.2,37.33 2 1
github.com/jptosso/coraza-waf/pkg/operators/validate_byte_range.go:19.24,23.31 4 1
github.com/jptosso/coraza-waf/pkg/operators/validate_byte_range.go:31.3,33.62 3 1
github.com/jptosso/coraza-waf/pkg/operators/validate_byte_range.go:23.31,27.4 3 1
github.com/jptosso/coraza-waf/pkg/operators/validate_byte_range.go:27.8,30.4 2 0
github.com/jptosso/coraza-waf/pkg/operators/validate_byte_range.go:40.79,45.2 2 1
github.com/jptosso/coraza-waf/pkg/operators/inspect_file.go:14.40,16.2 1 1
github.com/jptosso/coraza-waf/pkg/operators/inspect_file.go:18.74,25.59 5 1
github.com/jptosso/coraza-waf/pkg/operators/inspect_file.go:28.5,28.16 1 1
github.com/jptosso/coraza-waf/pkg/operators/inspect_file.go:25.59,27.6 1 1
github.com/jptosso/coraza-waf/pkg/operators/begins_with.go:13.39,16.2 2 1
github.com/jptosso/coraza-waf/pkg/operators/begins_with.go:18.73,19.24 1 1
github.com/jptosso/coraza-waf/pkg/operators/begins_with.go:22.2,22.34 1 1
github.com/jptosso/coraza-waf/pkg/operators/begins_with.go:19.24,21.3 1 0
github.com/jptosso/coraza-waf/pkg/operators/detect_xss.go:10.39,11.2 0 0
github.com/jptosso/coraza-waf/pkg/operators/detect_xss.go:13.72,15.2 1 0
github.com/jptosso/coraza-waf/pkg/operators/ends_with.go:12.37,14.2 1 0
github.com/jptosso/coraza-waf/pkg/operators/ends_with.go:16.71,18.2 1 0
github.com/jptosso/coraza-waf/pkg/operators/eq.go:11.31,13.2 1 0
github.com/jptosso/coraza-waf/pkg/operators/eq.go:15.65,17.2 1 0
github.com/jptosso/coraza-waf/pkg/operators/contains.go:12.37,14.2 1 1
github.com/jptosso/coraza-waf/pkg/operators/contains.go:16.71,18.2 1 1
github.com/jptosso/coraza-waf/pkg/operators/detect_sqli.go:10.40,11.2 0 0
github.com/jptosso/coraza-waf/pkg/operators/detect_sqli.go:13.73,16.2 2 0
github.com/jptosso/coraza-waf/pkg/operators/le.go:13.31,16.2 2 0
github.com/jptosso/coraza-waf/pkg/operators/le.go:18.65,20.16 2 0
github.com/jptosso/coraza-waf/pkg/operators/le.go:24.2,24.20 1 0
github.com/jptosso/coraza-waf/pkg/operators/le.go:20.16,23.3 1 0
github.com/jptosso/coraza-waf/pkg/operators/rx.go:16.31,18.2 1 1
github.com/jptosso/coraza-waf/pkg/operators/rx.go:20.65,25.15 3 1
github.com/jptosso/coraza-waf/pkg/operators/rx.go:29.2,29.34 1 1
github.com/jptosso/coraza-waf/pkg/operators/rx.go:37.2,37.20 1 1
github.com/jptosso/coraza-waf/pkg/operators/rx.go:25.15,27.3 1 1
github.com/jptosso/coraza-waf/pkg/operators/rx.go:29.34,30.13 1 1
github.com/jptosso/coraza-waf/pkg/operators/rx.go:33.3,33.16 1 1
github.com/jptosso/coraza-waf/pkg/operators/rx.go:30.13,32.4 1 0
github.com/jptosso/coraza-waf/pkg/operators/rx.go:33.16,35.4 1 1
github.com/jptosso/coraza-waf/pkg/operators/validate_url_encoding.go:10.49,12.2 0 0
github.com/jptosso/coraza-waf/pkg/operators/validate_url_encoding.go:14.82,15.24 1 0
github.com/jptosso/coraza-waf/pkg/operators/validate_url_encoding.go:19.5,20.17 2 0
github.com/jptosso/coraza-waf/pkg/operators/validate_url_encoding.go:34.5,34.16 1 0
github.com/jptosso/coraza-waf/pkg/operators/validate_url_encoding.go:15.24,17.6 1 0
github.com/jptosso/coraza-waf/pkg/operators/validate_url_encoding.go:21.17,23.24 1 0
github.com/jptosso/coraza-waf/pkg/operators/validate_url_encoding.go:24.18,26.25 1 0
github.com/jptosso/coraza-waf/pkg/operators/validate_url_encoding.go:27.18,29.25 1 0
github.com/jptosso/coraza-waf/pkg/operators/validate_url_encoding.go:30.18,32.25 1 0
github.com/jptosso/coraza-waf/pkg/operators/validate_url_encoding.go:37.44,41.26 3 0
github.com/jptosso/coraza-waf/pkg/operators/validate_url_encoding.go:63.5,63.13 1 0
github.com/jptosso/coraza-waf/pkg/operators/validate_url_encoding.go:41.26,42.30 1 0
github.com/jptosso/coraza-waf/pkg/operators/validate_url_encoding.go:42.30,43.38 1 0
github.com/jptosso/coraza-waf/pkg/operators/validate_url_encoding.go:50.13,53.209 3 0
github.com/jptosso/coraza-waf/pkg/operators/validate_url_encoding.go:43.38,46.14 1 0
github.com/jptosso/coraza-waf/pkg/operators/validate_url_encoding.go:53.209,55.14 1 0
github.com/jptosso/coraza-waf/pkg/operators/validate_url_encoding.go:55.19,58.14 1 0
github.com/jptosso/coraza-waf/pkg/operators/validate_url_encoding.go:59.15,61.10 1 0
github.com/jptosso/coraza-waf/pkg/operators/rbl.go:13.32,15.2 1 0
github.com/jptosso/coraza-waf/pkg/operators/rbl.go:19.66,24.18 4 0
github.com/jptosso/coraza-waf/pkg/operators/rbl.go:32.2,32.15 1 0
github.com/jptosso/coraza-waf/pkg/operators/rbl.go:36.2,36.16 1 0
github.com/jptosso/coraza-waf/pkg/operators/rbl.go:39.2,39.14 1 0
github.com/jptosso/coraza-waf/pkg/operators/rbl.go:24.18,26.19 2 0
github.com/jptosso/coraza-waf/pkg/operators/rbl.go:30.3,30.14 1 0
github.com/jptosso/coraza-waf/pkg/operators/rbl.go:26.20,28.4 0 0
github.com/jptosso/coraza-waf/pkg/operators/rbl.go:32.15,35.3 1 0
github.com/jptosso/coraza-waf/pkg/operators/rbl.go:36.17,38.3 0 0
github.com/jptosso/coraza-waf/pkg/operators/unconditional_match.go:9.48,10.2 0 0
github.com/jptosso/coraza-waf/pkg/operators/unconditional_match.go:12.81,14.2 1 0
github.com/jptosso/coraza-waf/pkg/operators/within.go:13.35,19.24 4 1
github.com/jptosso/coraza-waf/pkg/operators/within.go:19.24,21.6 1 1
github.com/jptosso/coraza-waf/pkg/operators/within.go:24.69,26.21 2 1
github.com/jptosso/coraza-waf/pkg/operators/within.go:31.2,31.24 1 1
github.com/jptosso/coraza-waf/pkg/operators/within.go:36.2,36.14 1 1
github.com/jptosso/coraza-waf/pkg/operators/within.go:26.21,30.3 3 0
github.com/jptosso/coraza-waf/pkg/operators/within.go:31.24,32.16 1 1
github.com/jptosso/coraza-waf/pkg/operators/within.go:32.16,34.4 1 1
github.com/jptosso/coraza-waf/pkg/operators/gt.go:12.31,14.2 1 1
github.com/jptosso/coraza-waf/pkg/operators/gt.go:16.65,18.16 2 1
github.com/jptosso/coraza-waf/pkg/operators/gt.go:21.2,23.15 3 1
github.com/jptosso/coraza-waf/pkg/operators/gt.go:26.2,26.14 1 1
github.com/jptosso/coraza-waf/pkg/operators/gt.go:18.16,20.3 1 0
github.com/jptosso/coraza-waf/pkg/operators/gt.go:23.15,25.3 1 0
github.com/jptosso/coraza-waf/pkg/operators/ip_match.go:14.36,17.28 3 1
github.com/jptosso/coraza-waf/pkg/operators/ip_match.go:17.28,19.14 2 1
github.com/jptosso/coraza-waf/pkg/operators/ip_match.go:22.3,22.32 1 1
github.com/jptosso/coraza-waf/pkg/operators/ip_match.go:25.3,26.16 2 1
github.com/jptosso/coraza-waf/pkg/operators/ip_match.go:30.3,30.40 1 1
github.com/jptosso/coraza-waf/pkg/operators/ip_match.go:19.14,20.12 1 0
github.com/jptosso/coraza-waf/pkg/operators/ip_match.go:22.32,24.4 1 1
github.com/jptosso/coraza-waf/pkg/operators/ip_match.go:26.16,28.12 2 0
github.com/jptosso/coraza-waf/pkg/operators/ip_match.go:34.70,36.34 2 1
github.com/jptosso/coraza-waf/pkg/operators/ip_match.go:41.5,41.17 1 1
github.com/jptosso/coraza-waf/pkg/operators/ip_match.go:36.34,37.25 1 1
github.com/jptosso/coraza-waf/pkg/operators/ip_match.go:37.25,39.4 1 1
github.com/jptosso/coraza-waf/pkg/operators/lt.go:12.31,15.2 2 0
github.com/jptosso/coraza-waf/pkg/operators/lt.go:17.65,19.16 2 0
github.com/jptosso/coraza-waf/pkg/operators/lt.go:23.2,23.19 1 0
github.com/jptosso/coraza-waf/pkg/operators/lt.go:19.16,22.3 1 0
github.com/jptosso/coraza-waf/pkg/operators/validate_utf8_encoding.go:10.50,11.2 0 0
github.com/jptosso/coraza-waf/pkg/operators/validate_utf8_encoding.go:13.83,15.2 1 0
github.com/jptosso/coraza-waf/pkg/operators/pm_from_file.go:17.39,22.18 5 1
github.com/jptosso/coraza-waf/pkg/operators/pm_from_file.go:26.5,27.26 2 0
github.com/jptosso/coraza-waf/pkg/operators/pm_from_file.go:22.18,25.6 2 1
github.com/jptosso/coraza-waf/pkg/operators/pm_from_file.go:27.26,28.20 1 0
github.com/jptosso/coraza-waf/pkg/operators/pm_from_file.go:31.6,32.20 2 0
github.com/jptosso/coraza-waf/pkg/operators/pm_from_file.go:28.20,29.15 1 0
github.com/jptosso/coraza-waf/pkg/operators/pm_from_file.go:32.20,34.7 1 0
github.com/jptosso/coraza-waf/pkg/operators/pm_from_file.go:38.73,46.2 5 1
github.com/jptosso/coraza-waf/pkg/operators/pm_from_file.go:48.38,50.2 1 0
github.com/jptosso/coraza-waf/pkg/operators/operators.go:5.48,32.2 1 0
github.com/jptosso/coraza-waf/pkg/operators/pm.go:12.31,15.2 1 0
github.com/jptosso/coraza-waf/pkg/operators/pm.go:17.65,25.2 3 0
github.com/jptosso/coraza-waf/pkg/operators/pm.go:27.30,29.2 1 0
github.com/jptosso/coraza-waf/pkg/operators/fuzzy_hash.go:11.38,13.2 1 0
github.com/jptosso/coraza-waf/pkg/operators/fuzzy_hash.go:15.72,17.2 1 0
github.com/jptosso/coraza-waf/pkg/operators/ge.go:13.31,16.2 2 1
github.com/jptosso/coraza-waf/pkg/operators/ge.go:18.65,20.16 2 1
github.com/jptosso/coraza-waf/pkg/operators/ge.go:23.2,23.20 1 1
github.com/jptosso/coraza-waf/pkg/operators/ge.go:20.16,22.3 1 0
github.com/jptosso/coraza-waf/pkg/operators/geo_lookup.go:12.39,14.2 0 0
github.com/jptosso/coraza-waf/pkg/operators/geo_lookup.go:16.72,17.32 1 0
github.com/jptosso/coraza-waf/pkg/operators/geo_lookup.go:20.2,22.15 3 0
github.com/jptosso/coraza-waf/pkg/operators/geo_lookup.go:25.2,26.13 2 0
github.com/jptosso/coraza-waf/pkg/operators/geo_lookup.go:17.32,19.3 1 0
github.com/jptosso/coraza-waf/pkg/operators/geo_lookup.go:22.15,24.3 1 0
github.com/jptosso/coraza-waf/pkg/operators/no_match.go:3.43,5.2 1 0
github.com/jptosso/coraza-waf/pkg/operators/validate_nid.go:15.40,19.2 3 1
github.com/jptosso/coraza-waf/pkg/operators/validate_nid.go:21.74,24.15 3 1
github.com/jptosso/coraza-waf/pkg/operators/validate_nid.go:28.2,29.27 2 1
github.com/jptosso/coraza-waf/pkg/operators/validate_nid.go:40.2,40.12 1 1
github.com/jptosso/coraza-waf/pkg/operators/validate_nid.go:24.15,26.3 1 0
github.com/jptosso/coraza-waf/pkg/operators/validate_nid.go:29.27,30.13 1 1
github.com/jptosso/coraza-waf/pkg/operators/validate_nid.go:33.3,33.25 1 1
github.com/jptosso/coraza-waf/pkg/operators/validate_nid.go:30.13,31.9 1 0
github.com/jptosso/coraza-waf/pkg/operators/validate_nid.go:33.25,35.17 2 1
github.com/jptosso/coraza-waf/pkg/operators/validate_nid.go:35.17,37.5 1 0
github.com/jptosso/coraza-waf/pkg/operators/ip_match_from_file.go:16.44,18.15 2 0
github.com/jptosso/coraza-waf/pkg/operators/ip_match_from_file.go:22.2,23.23 2 0
github.com/jptosso/coraza-waf/pkg/operators/ip_match_from_file.go:18.15,21.3 2 0
github.com/jptosso/coraza-waf/pkg/operators/ip_match_from_file.go:23.23,25.13 2 0
github.com/jptosso/coraza-waf/pkg/operators/ip_match_from_file.go:28.3,28.31 1 0
github.com/jptosso/coraza-waf/pkg/operators/ip_match_from_file.go:31.3,32.16 2 0
github.com/jptosso/coraza-waf/pkg/operators/ip_match_from_file.go:36.3,36.38 1 0
github.com/jptosso/coraza-waf/pkg/operators/ip_match_from_file.go:25.13,26.12 1 0
github.com/jptosso/coraza-waf/pkg/operators/ip_match_from_file.go:28.31,30.4 1 0
github.com/jptosso/coraza-waf/pkg/operators/ip_match_from_file.go:32.16,34.12 2 0
github.com/jptosso/coraza-waf/pkg/operators/ip_match_from_file.go:40.78,42.28 2 0
github.com/jptosso/coraza-waf/pkg/operators/ip_match_from_file.go:47.2,47.14 1 0
github.com/jptosso/coraza-waf/pkg/operators/ip_match_from_file.go:42.28,43.20 1 0
github.com/jptosso/coraza-waf/pkg/operators/ip_match_from_file.go:43.20,45.4 1 0
github.com/jptosso/coraza-waf/pkg/operators/streq.go:10.34,12.2 1 0
github.com/jptosso/coraza-waf/pkg/operators/streq.go:14.68,16.2 1 0
github.com/jptosso/coraza-waf/pkg/actions/chain.go:9.69,11.2 1 0
github.com/jptosso/coraza-waf/pkg/actions/chain.go:13.70,15.2 0 0
github.com/jptosso/coraza-waf/pkg/actions/chain.go:17.33,19.2 1 0
github.com/jptosso/coraza-waf/pkg/actions/multimatch.go:10.76,12.2 1 0
github.com/jptosso/coraza-waf/pkg/actions/multimatch.go:14.75,16.2 0 0
github.com/jptosso/coraza-waf/pkg/actions/multimatch.go:18.38,20.2 1 0
github.com/jptosso/coraza-waf/pkg/actions/skipafter.go:13.75,15.2 1 0
github.com/jptosso/coraza-waf/pkg/actions/skipafter.go:17.73,19.2 1 0
github.com/jptosso/coraza-waf/pkg/actions/skipafter.go:21.37,23.2 1 0
github.com/jptosso/coraza-waf/pkg/actions/append.go:11.72,13.2 1 0
github.com/jptosso/coraza-waf/pkg/actions/append.go:15.70,17.16 2 0
github.com/jptosso/coraza-waf/pkg/actions/append.go:17.16,19.3 1 0
github.com/jptosso/coraza-waf/pkg/actions/append.go:22.34,24.2 1 0
github.com/jptosso/coraza-waf/pkg/actions/setvar.go:18.72,20.20 1 0
github.com/jptosso/coraza-waf/pkg/actions/setvar.go:25.2,32.20 6 0
github.com/jptosso/coraza-waf/pkg/actions/setvar.go:20.20,22.3 1 0
github.com/jptosso/coraza-waf/pkg/actions/setvar.go:35.70,38.28 3 0
github.com/jptosso/coraza-waf/pkg/actions/setvar.go:38.28,40.6 1 0
github.com/jptosso/coraza-waf/pkg/actions/setvar.go:40.10,42.6 1 0
github.com/jptosso/coraza-waf/pkg/actions/setvar.go:45.34,47.2 1 0
github.com/jptosso/coraza-waf/pkg/actions/setvar.go:50.113,55.2 0 0
github.com/jptosso/coraza-waf/pkg/actions/setvar.go:57.104,59.26 2 0
github.com/jptosso/coraza-waf/pkg/actions/setvar.go:65.5,65.23 1 0
github.com/jptosso/coraza-waf/pkg/actions/setvar.go:59.26,63.6 2 0
github.com/jptosso/coraza-waf/pkg/actions/setvar.go:65.24,67.6 0 0
github.com/jptosso/coraza-waf/pkg/actions/setvar.go:67.10,69.25 2 0
github.com/jptosso/coraza-waf/pkg/actions/setvar.go:73.9,73.29 1 0
github.com/jptosso/coraza-waf/pkg/actions/setvar.go:69.25,72.10 2 0
github.com/jptosso/coraza-waf/pkg/actions/setvar.go:73.29,76.26 3 0
github.com/jptosso/coraza-waf/pkg/actions/setvar.go:79.13,79.87 1 0
github.com/jptosso/coraza-waf/pkg/actions/setvar.go:76.26,78.14 1 0
github.com/jptosso/coraza-waf/pkg/actions/setvar.go:80.14,80.35 1 0
github.com/jptosso/coraza-waf/pkg/actions/setvar.go:80.35,83.26 3 0
github.com/jptosso/coraza-waf/pkg/actions/setvar.go:86.13,86.87 1 0
github.com/jptosso/coraza-waf/pkg/actions/setvar.go:83.26,85.14 1 0
github.com/jptosso/coraza-waf/pkg/actions/setvar.go:87.14,89.10 1 0
github.com/jptosso/coraza-waf/pkg/actions/block.go:9.69,11.2 1 0
github.com/jptosso/coraza-waf/pkg/actions/block.go:13.69,14.31 1 0
github.com/jptosso/coraza-waf/pkg/actions/block.go:14.31,18.3 3 0
github.com/jptosso/coraza-waf/pkg/actions/block.go:21.33,23.2 1 0
github.com/jptosso/coraza-waf/pkg/actions/logdata.go:11.73,13.2 1 0
github.com/jptosso/coraza-waf/pkg/actions/logdata.go:15.71,17.2 1 0
github.com/jptosso/coraza-waf/pkg/actions/logdata.go:19.35,21.2 1 0
github.com/jptosso/coraza-waf/pkg/actions/ctl.go:17.69,19.2 1 0
github.com/jptosso/coraza-waf/pkg/actions/ctl.go:21.67,22.18 1 0
github.com/jptosso/coraza-waf/pkg/actions/ctl.go:23.30,27.38 3 0
github.com/jptosso/coraza-waf/pkg/actions/ctl.go:30.3,31.7 2 0
github.com/jptosso/coraza-waf/pkg/actions/ctl.go:32.31,34.44 2 0
github.com/jptosso/coraza-waf/pkg/actions/ctl.go:37.3,38.7 2 0
github.com/jptosso/coraza-waf/pkg/actions/ctl.go:39.21,41.8 2 0
github.com/jptosso/coraza-waf/pkg/actions/ctl.go:42.23,44.8 1 0
github.com/jptosso/coraza-waf/pkg/actions/ctl.go:45.23,47.7 1 0
github.com/jptosso/coraza-waf/pkg/actions/ctl.go:48.34,50.8 1 0
github.com/jptosso/coraza-waf/pkg/actions/ctl.go:51.27,53.8 1 0
github.com/jptosso/coraza-waf/pkg/actions/ctl.go:54.26,56.7 1 0
github.com/jptosso/coraza-waf/pkg/actions/ctl.go:57.30,59.8 1 0
github.com/jptosso/coraza-waf/pkg/actions/ctl.go:60.28,62.7 1 0
github.com/jptosso/coraza-waf/pkg/actions/ctl.go:63.27,65.7 1 0
github.com/jptosso/coraza-waf/pkg/actions/ctl.go:66.20,68.8 1 0
github.com/jptosso/coraza-waf/pkg/actions/ctl.go:69.24,71.7 1 0
github.com/jptosso/coraza-waf/pkg/actions/ctl.go:72.25,74.7 1 0
github.com/jptosso/coraza-waf/pkg/actions/ctl.go:75.31,77.7 1 0
github.com/jptosso/coraza-waf/pkg/actions/ctl.go:78.20,80.7 1 0
github.com/jptosso/coraza-waf/pkg/actions/ctl.go:81.25,83.7 1 0
github.com/jptosso/coraza-waf/pkg/actions/ctl.go:84.10,84.10 0 0
github.com/jptosso/coraza-waf/pkg/actions/ctl.go:27.38,29.4 1 0
github.com/jptosso/coraza-waf/pkg/actions/ctl.go:34.44,36.4 1 0
github.com/jptosso/coraza-waf/pkg/actions/ctl.go:89.31,91.2 1 0
github.com/jptosso/coraza-waf/pkg/actions/ctl.go:94.60,101.19 7 0
github.com/jptosso/coraza-waf/pkg/actions/ctl.go:110.2,110.114 1 0
github.com/jptosso/coraza-waf/pkg/actions/ctl.go:101.19,103.20 2 0
github.com/jptosso/coraza-waf/pkg/actions/ctl.go:103.20,106.4 2 0
github.com/jptosso/coraza-waf/pkg/actions/ctl.go:106.8,108.4 1 0
github.com/jptosso/coraza-waf/pkg/actions/exec.go:13.56,15.15 2 1
github.com/jptosso/coraza-waf/pkg/actions/exec.go:18.2,19.12 2 1
github.com/jptosso/coraza-waf/pkg/actions/exec.go:15.15,17.3 1 0
github.com/jptosso/coraza-waf/pkg/actions/exec.go:22.68,26.2 3 1
github.com/jptosso/coraza-waf/pkg/actions/exec.go:28.29,30.2 1 0
github.com/jptosso/coraza-waf/pkg/actions/maturity.go:10.74,12.2 1 0
github.com/jptosso/coraza-waf/pkg/actions/maturity.go:14.73,16.2 0 0
github.com/jptosso/coraza-waf/pkg/actions/maturity.go:18.36,20.2 1 0
github.com/jptosso/coraza-waf/pkg/actions/skip.go:13.70,15.15 2 0
github.com/jptosso/coraza-waf/pkg/actions/skip.go:18.2,18.12 1 0
github.com/jptosso/coraza-waf/pkg/actions/skip.go:15.16,17.3 0 0
github.com/jptosso/coraza-waf/pkg/actions/skip.go:21.68,23.2 1 0
github.com/jptosso/coraza-waf/pkg/actions/skip.go:25.32,27.2 1 0
github.com/jptosso/coraza-waf/pkg/actions/tag.go:10.69,12.2 1 0
github.com/jptosso/coraza-waf/pkg/actions/tag.go:14.68,16.2 0 0
github.com/jptosso/coraza-waf/pkg/actions/tag.go:18.31,20.2 1 0
github.com/jptosso/coraza-waf/pkg/actions/log.go:10.69,12.2 1 0
github.com/jptosso/coraza-waf/pkg/actions/log.go:14.68,16.2 0 0
github.com/jptosso/coraza-waf/pkg/actions/log.go:18.31,20.2 1 0
github.com/jptosso/coraza-waf/pkg/actions/pass.go:10.70,12.2 1 0
github.com/jptosso/coraza-waf/pkg/actions/pass.go:14.69,16.2 0 0
github.com/jptosso/coraza-waf/pkg/actions/pass.go:18.32,20.2 1 0
github.com/jptosso/coraza-waf/pkg/actions/severity.go:10.74,12.2 1 0
github.com/jptosso/coraza-waf/pkg/actions/severity.go:14.73,16.2 0 0
github.com/jptosso/coraza-waf/pkg/actions/severity.go:18.36,20.2 1 0
github.com/jptosso/coraza-waf/pkg/actions/auditlog.go:10.73,12.2 0 0
github.com/jptosso/coraza-waf/pkg/actions/auditlog.go:14.72,16.2 1 0
github.com/jptosso/coraza-waf/pkg/actions/auditlog.go:18.36,20.2 1 0
github.com/jptosso/coraza-waf/pkg/actions/id.go:11.68,13.15 2 0
github.com/jptosso/coraza-waf/pkg/actions/id.go:16.2,16.15 1 0
github.com/jptosso/coraza-waf/pkg/actions/id.go:13.15,15.3 1 0
github.com/jptosso/coraza-waf/pkg/actions/id.go:19.67,21.2 0 0
github.com/jptosso/coraza-waf/pkg/actions/id.go:23.30,25.2 1 0
github.com/jptosso/coraza-waf/pkg/actions/initcol.go:14.70,18.2 3 0
github.com/jptosso/coraza-waf/pkg/actions/initcol.go:20.68,24.2 3 0
github.com/jptosso/coraza-waf/pkg/actions/initcol.go:26.35,28.2 1 0
github.com/jptosso/coraza-waf/pkg/actions/noauditlog.go:10.77,12.2 0 0
github.com/jptosso/coraza-waf/pkg/actions/noauditlog.go:14.74,16.2 1 0
github.com/jptosso/coraza-waf/pkg/actions/noauditlog.go:18.38,20.2 1 0
github.com/jptosso/coraza-waf/pkg/actions/rev.go:10.69,12.2 1 0
github.com/jptosso/coraza-waf/pkg/actions/rev.go:14.68,16.2 0 0
github.com/jptosso/coraza-waf/pkg/actions/rev.go:18.31,20.2 1 0
github.com/jptosso/coraza-waf/pkg/actions/t.go:11.77,12.30 1 0
github.com/jptosso/coraza-waf/pkg/actions/t.go:17.2,19.14 3 0
github.com/jptosso/coraza-waf/pkg/actions/t.go:23.2,24.51 2 0
github.com/jptosso/coraza-waf/pkg/actions/t.go:12.30,16.3 2 0
github.com/jptosso/coraza-waf/pkg/actions/t.go:19.14,22.3 2 0
github.com/jptosso/coraza-waf/pkg/actions/t.go:27.66,29.2 0 0
github.com/jptosso/coraza-waf/pkg/actions/t.go:31.29,33.2 1 0
github.com/jptosso/coraza-waf/pkg/actions/actions.go:6.44,70.2 1 0
github.com/jptosso/coraza-waf/pkg/actions/allow.go:11.70,13.2 0 0
github.com/jptosso/coraza-waf/pkg/actions/allow.go:15.69,17.2 1 0
github.com/jptosso/coraza-waf/pkg/actions/allow.go:19.33,21.2 1 0
github.com/jptosso/coraza-waf/pkg/actions/capture.go:10.71,12.2 1 0
github.com/jptosso/coraza-waf/pkg/actions/capture.go:14.71,16.2 1 0
github.com/jptosso/coraza-waf/pkg/actions/capture.go:18.35,20.2 1 0
github.com/jptosso/coraza-waf/pkg/actions/deny.go:9.70,11.2 1 0
github.com/jptosso/coraza-waf/pkg/actions/deny.go:13.68,14.25 1 0
github.com/jptosso/coraza-waf/pkg/actions/deny.go:14.25,18.6 3 0
github.com/jptosso/coraza-waf/pkg/actions/deny.go:21.32,23.2 1 0
github.com/jptosso/coraza-waf/pkg/actions/drop.go:9.70,11.2 1 0
github.com/jptosso/coraza-waf/pkg/actions/drop.go:13.68,14.25 1 0
github.com/jptosso/coraza-waf/pkg/actions/drop.go:14.25,18.6 3 0
github.com/jptosso/coraza-waf/pkg/actions/drop.go:21.32,23.2 1 0
github.com/jptosso/coraza-waf/pkg/actions/expirevar.go:16.75,20.18 4 0
github.com/jptosso/coraza-waf/pkg/actions/expirevar.go:23.2,24.16 2 0
github.com/jptosso/coraza-waf/pkg/actions/expirevar.go:20.19,22.3 0 0
github.com/jptosso/coraza-waf/pkg/actions/expirevar.go:27.74,31.2 0 0
github.com/jptosso/coraza-waf/pkg/actions/expirevar.go:33.37,35.2 1 0
github.com/jptosso/coraza-waf/pkg/actions/nolog.go:10.71,12.2 1 0
github.com/jptosso/coraza-waf/pkg/actions/nolog.go:14.70,16.2 0 0
github.com/jptosso/coraza-waf/pkg/actions/nolog.go:18.33,20.2 1 0
github.com/jptosso/coraza-waf/pkg/actions/status.go:12.70,14.2 1 0
github.com/jptosso/coraza-waf/pkg/actions/status.go:16.70,18.2 1 0
github.com/jptosso/coraza-waf/pkg/actions/status.go:20.34,22.2 1 0
github.com/jptosso/coraza-waf/pkg/actions/msg.go:10.69,12.2 1 0
github.com/jptosso/coraza-waf/pkg/actions/msg.go:14.68,16.2 0 0
github.com/jptosso/coraza-waf/pkg/actions/msg.go:18.31,20.2 1 0
github.com/jptosso/coraza-waf/pkg/actions/phase.go:10.71,13.2 2 0
github.com/jptosso/coraza-waf/pkg/actions/phase.go:15.70,17.2 0 0
github.com/jptosso/coraza-waf/pkg/actions/phase.go:19.33,21.2 1 0
github.com/jptosso/coraza-waf/pkg/actions/ver.go:10.69,12.2 1 0
github.com/jptosso/coraza-waf/pkg/actions/ver.go:14.68,16.2 0 0
github.com/jptosso/coraza-waf/pkg/actions/ver.go:18.31,20.2 1 0
github.com/jptosso/coraza-waf/pkg/utils/libinjection.go:15.46,18.103 3 0
github.com/jptosso/coraza-waf/pkg/utils/libinjection.go:22.2,22.18 1 0
github.com/jptosso/coraza-waf/pkg/utils/libinjection.go:18.103,21.3 2 0
github.com/jptosso/coraza-waf/pkg/utils/libinjection.go:25.31,26.85 1 0
github.com/jptosso/coraza-waf/pkg/utils/libinjection.go:29.2,29.14 1 0
github.com/jptosso/coraza-waf/pkg/utils/libinjection.go:26.85,28.3 1 0
github.com/jptosso/coraza-waf/pkg/utils/local_collection.go:18.38,22.2 3 0
github.com/jptosso/coraza-waf/pkg/utils/local_collection.go:24.34,28.2 3 0
github.com/jptosso/coraza-waf/pkg/utils/local_collection.go:30.54,32.2 1 0
github.com/jptosso/coraza-waf/pkg/utils/local_collection.go:35.51,37.18 1 0
github.com/jptosso/coraza-waf/pkg/utils/local_collection.go:48.2,48.18 1 0
github.com/jptosso/coraza-waf/pkg/utils/local_collection.go:37.18,40.24 2 0
github.com/jptosso/coraza-waf/pkg/utils/local_collection.go:46.3,46.14 1 0
github.com/jptosso/coraza-waf/pkg/utils/local_collection.go:40.24,41.31 1 0
github.com/jptosso/coraza-waf/pkg/utils/local_collection.go:41.31,44.5 1 0
github.com/jptosso/coraza-waf/pkg/utils/local_collection.go:48.18,53.25 5 0
github.com/jptosso/coraza-waf/pkg/utils/local_collection.go:61.3,61.16 1 0
github.com/jptosso/coraza-waf/pkg/utils/local_collection.go:53.25,55.21 2 0
github.com/jptosso/coraza-waf/pkg/utils/local_collection.go:55.21,56.35 1 0
github.com/jptosso/coraza-waf/pkg/utils/local_collection.go:56.35,58.9 1 0
github.com/jptosso/coraza-waf/pkg/utils/local_collection.go:62.7,64.3 1 0
github.com/jptosso/coraza-waf/pkg/utils/local_collection.go:68.86,70.18 1 0
github.com/jptosso/coraza-waf/pkg/utils/local_collection.go:85.2,85.18 1 0
github.com/jptosso/coraza-waf/pkg/utils/local_collection.go:70.18,73.24 2 0
github.com/jptosso/coraza-waf/pkg/utils/local_collection.go:82.3,82.14 1 0
github.com/jptosso/coraza-waf/pkg/utils/local_collection.go:73.24,74.35 1 0
github.com/jptosso/coraza-waf/pkg/utils/local_collection.go:77.4,77.31 1 0
github.com/jptosso/coraza-waf/pkg/utils/local_collection.go:74.35,75.13 1 0
github.com/jptosso/coraza-waf/pkg/utils/local_collection.go:77.31,80.5 1 0
github.com/jptosso/coraza-waf/pkg/utils/local_collection.go:85.18,90.25 5 0
github.com/jptosso/coraza-waf/pkg/utils/local_collection.go:101.3,101.16 1 0
github.com/jptosso/coraza-waf/pkg/utils/local_collection.go:90.25,91.35 1 0
github.com/jptosso/coraza-waf/pkg/utils/local_collection.go:94.7,95.21 2 0
github.com/jptosso/coraza-waf/pkg/utils/local_collection.go:91.35,92.13 1 0
github.com/jptosso/coraza-waf/pkg/utils/local_collection.go:95.21,96.35 1 0
github.com/jptosso/coraza-waf/pkg/utils/local_collection.go:96.35,98.9 1 0
github.com/jptosso/coraza-waf/pkg/utils/local_collection.go:102.7,105.24 2 0
github.com/jptosso/coraza-waf/pkg/utils/local_collection.go:115.3,115.13 1 0
github.com/jptosso/coraza-waf/pkg/utils/local_collection.go:105.24,106.35 1 0
github.com/jptosso/coraza-waf/pkg/utils/local_collection.go:109.4,109.15 1 0
github.com/jptosso/coraza-waf/pkg/utils/local_collection.go:106.35,107.13 1 0
github.com/jptosso/coraza-waf/pkg/utils/local_collection.go:109.15,110.33 1 0
github.com/jptosso/coraza-waf/pkg/utils/local_collection.go:110.33,112.6 1 0
github.com/jptosso/coraza-waf/pkg/utils/local_collection.go:119.50,121.15 2 0
github.com/jptosso/coraza-waf/pkg/utils/local_collection.go:121.15,123.3 1 0
github.com/jptosso/coraza-waf/pkg/utils/local_collection.go:123.7,125.3 1 0
github.com/jptosso/coraza-waf/pkg/utils/local_collection.go:128.48,130.15 2 0
github.com/jptosso/coraza-waf/pkg/utils/local_collection.go:130.15,133.3 2 0
github.com/jptosso/coraza-waf/pkg/utils/local_collection.go:133.7,135.3 1 0
github.com/jptosso/coraza-waf/pkg/utils/local_collection.go:138.44,140.15 2 0
github.com/jptosso/coraza-waf/pkg/utils/local_collection.go:140.15,143.3 2 0
github.com/jptosso/coraza-waf/pkg/utils/local_collection.go:143.7,145.3 1 0
github.com/jptosso/coraza-waf/pkg/utils/local_collection.go:148.44,150.26 2 0
github.com/jptosso/coraza-waf/pkg/utils/local_collection.go:153.2,153.10 1 0
github.com/jptosso/coraza-waf/pkg/utils/local_collection.go:150.26,152.3 1 0
github.com/jptosso/coraza-waf/pkg/utils/local_collection.go:156.59,160.2 3 0
github.com/jptosso/coraza-waf/pkg/utils/local_collection.go:162.62,166.2 3 0
github.com/jptosso/coraza-waf/pkg/utils/local_collection.go:169.59,171.2 1 0
github.com/jptosso/coraza-waf/pkg/utils/local_collection.go:173.60,174.24 1 0
github.com/jptosso/coraza-waf/pkg/utils/local_collection.go:174.24,178.3 3 0
github.com/jptosso/coraza-waf/pkg/utils/local_collection.go:181.62,183.2 1 0
github.com/jptosso/coraza-waf/pkg/utils/local_collection.go:185.46,187.2 1 0
github.com/jptosso/coraza-waf/pkg/utils/local_collection.go:189.46,191.2 0 0
github.com/jptosso/coraza-waf/pkg/utils/local_collection.go:193.57,195.2 1 0
github.com/jptosso/coraza-waf/pkg/utils/persistent_collection.go:33.86,38.16 5 0
github.com/jptosso/coraza-waf/pkg/utils/persistent_collection.go:38.16,40.3 1 0
github.com/jptosso/coraza-waf/pkg/utils/persistent_collection.go:43.94,46.40 3 0
github.com/jptosso/coraza-waf/pkg/utils/persistent_collection.go:49.2,60.3 5 0
github.com/jptosso/coraza-waf/pkg/utils/persistent_collection.go:46.40,48.3 1 0
github.com/jptosso/coraza-waf/pkg/utils/persistent_collection.go:63.84,76.2 5 0
github.com/jptosso/coraza-waf/pkg/utils/persistent_collection.go:79.46,83.16 4 0
github.com/jptosso/coraza-waf/pkg/utils/persistent_collection.go:86.2,86.12 1 0
github.com/jptosso/coraza-waf/pkg/utils/persistent_collection.go:83.16,85.3 1 0
github.com/jptosso/coraza-waf/pkg/utils/persistent_collection.go:89.54,92.15 3 0
github.com/jptosso/coraza-waf/pkg/utils/persistent_collection.go:97.2,97.36 1 0
github.com/jptosso/coraza-waf/pkg/utils/persistent_collection.go:101.2,101.10 1 0
github.com/jptosso/coraza-waf/pkg/utils/persistent_collection.go:92.15,95.3 1 0
github.com/jptosso/coraza-waf/pkg/utils/persistent_collection.go:97.36,100.3 2 0
github.com/jptosso/coraza-waf/pkg/utils/persistent_collection.go:104.51,108.2 3 0
github.com/jptosso/coraza-waf/pkg/utils/persistent_collection.go:110.60,113.2 2 0
github.com/jptosso/coraza-waf/pkg/utils/persistent_collection.go:115.67,117.33 2 0
github.com/jptosso/coraza-waf/pkg/utils/persistent_collection.go:120.2,123.12 4 0
github.com/jptosso/coraza-waf/pkg/utils/persistent_collection.go:117.33,119.3 1 0
github.com/jptosso/coraza-waf/pkg/utils/persistent_collection.go:126.39,127.14 1 0
github.com/jptosso/coraza-waf/pkg/utils/persistent_collection.go:134.2,135.15 2 0
github.com/jptosso/coraza-waf/pkg/utils/persistent_collection.go:138.2,139.12 2 0
github.com/jptosso/coraza-waf/pkg/utils/persistent_collection.go:127.14,133.3 5 0
github.com/jptosso/coraza-waf/pkg/utils/persistent_collection.go:135.15,137.3 1 0
github.com/jptosso/coraza-waf/pkg/utils/utils.go:16.37,23.19 6 0
github.com/jptosso/coraza-waf/pkg/utils/utils.go:27.5,27.29 1 0
github.com/jptosso/coraza-waf/pkg/utils/utils.go:30.2,30.22 1 0
github.com/jptosso/coraza-waf/pkg/utils/utils.go:23.20,25.6 0 0
github.com/jptosso/coraza-waf/pkg/utils/utils.go:27.29,29.6 1 0
github.com/jptosso/coraza-waf/pkg/utils/utils.go:33.44,35.22 2 0
github.com/jptosso/coraza-waf/pkg/utils/utils.go:41.5,41.17 1 0
github.com/jptosso/coraza-waf/pkg/utils/utils.go:35.22,36.19 1 0
github.com/jptosso/coraza-waf/pkg/utils/utils.go:39.9,39.12 1 0
github.com/jptosso/coraza-waf/pkg/utils/utils.go:36.19,38.10 1 0
github.com/jptosso/coraza-waf/pkg/utils/utils.go:44.36,45.15 1 0
github.com/jptosso/coraza-waf/pkg/utils/utils.go:48.2,49.35 2 0
github.com/jptosso/coraza-waf/pkg/utils/utils.go:45.15,47.6 1 0
github.com/jptosso/coraza-waf/pkg/utils/utils.go:52.50,53.28 1 0
github.com/jptosso/coraza-waf/pkg/utils/utils.go:58.5,58.17 1 0
github.com/jptosso/coraza-waf/pkg/utils/utils.go:53.28,54.19 1 0
github.com/jptosso/coraza-waf/pkg/utils/utils.go:54.19,56.10 1 0
github.com/jptosso/coraza-waf/pkg/utils/utils.go:61.53,62.26 1 0
github.com/jptosso/coraza-waf/pkg/utils/utils.go:67.5,67.17 1 0
github.com/jptosso/coraza-waf/pkg/utils/utils.go:62.26,63.23 1 0
github.com/jptosso/coraza-waf/pkg/utils/utils.go:63.23,65.10 1 0
github.com/jptosso/coraza-waf/pkg/utils/utils.go:87.60,92.2 4 0
github.com/jptosso/coraza-waf/pkg/utils/utils.go:94.63,96.25 2 0
github.com/jptosso/coraza-waf/pkg/utils/utils.go:105.5,105.14 1 0
github.com/jptosso/coraza-waf/pkg/utils/utils.go:96.25,98.15 2 0
github.com/jptosso/coraza-waf/pkg/utils/utils.go:98.15,100.10 1 0
github.com/jptosso/coraza-waf/pkg/utils/utils.go:100.15,102.10 1 0
github.com/jptosso/coraza-waf/pkg/utils/utils.go:108.43,110.43 2 0
github.com/jptosso/coraza-waf/pkg/utils/utils.go:128.5,128.20 1 0
github.com/jptosso/coraza-waf/pkg/utils/utils.go:110.43,116.23 4 0
github.com/jptosso/coraza-waf/pkg/utils/utils.go:119.9,120.42 2 0
github.com/jptosso/coraza-waf/pkg/utils/utils.go:116.23,118.10 1 0
github.com/jptosso/coraza-waf/pkg/utils/utils.go:121.10,124.22 3 0
github.com/jptosso/coraza-waf/pkg/utils/utils.go:124.22,126.10 1 0
github.com/jptosso/coraza-waf/pkg/utils/utils.go:131.36,133.2 1 0
