mode: set
github.com/jptosso/coraza-waf/pkg/waf/transformations/url_decode_uni.go:8.39,11.2 1 0
github.com/jptosso/coraza-waf/pkg/waf/transformations/url_decode_uni.go:13.49,15.58 2 0
github.com/jptosso/coraza-waf/pkg/waf/transformations/url_decode_uni.go:15.58,17.17 2 0
github.com/jptosso/coraza-waf/pkg/waf/transformations/url_decode_uni.go:20.3,20.11 1 0
github.com/jptosso/coraza-waf/pkg/waf/transformations/url_decode_uni.go:17.17,18.14 1 0
github.com/jptosso/coraza-waf/pkg/waf/transformations/url_encode.go:6.35,8.2 1 0
github.com/jptosso/coraza-waf/pkg/waf/transformations/hex_encode.go:6.35,10.2 2 0
github.com/jptosso/coraza-waf/pkg/waf/transformations/normalise_path_win.go:7.43,12.2 1 0
github.com/jptosso/coraza-waf/pkg/waf/transformations/normalise_path_win.go:21.32,25.16 4 0
github.com/jptosso/coraza-waf/pkg/waf/transformations/normalise_path_win.go:32.2,42.12 5 0
github.com/jptosso/coraza-waf/pkg/waf/transformations/normalise_path_win.go:47.2,47.12 1 0
github.com/jptosso/coraza-waf/pkg/waf/transformations/normalise_path_win.go:88.2,88.16 1 0
github.com/jptosso/coraza-waf/pkg/waf/transformations/normalise_path_win.go:92.2,92.41 1 0
github.com/jptosso/coraza-waf/pkg/waf/transformations/normalise_path_win.go:25.16,26.43 1 0
github.com/jptosso/coraza-waf/pkg/waf/transformations/normalise_path_win.go:30.3,30.28 1 0
github.com/jptosso/coraza-waf/pkg/waf/transformations/normalise_path_win.go:26.43,29.4 1 0
github.com/jptosso/coraza-waf/pkg/waf/transformations/normalise_path_win.go:42.12,45.3 2 0
github.com/jptosso/coraza-waf/pkg/waf/transformations/normalise_path_win.go:47.12,48.10 1 0
github.com/jptosso/coraza-waf/pkg/waf/transformations/normalise_path_win.go:49.33,51.7 1 0
github.com/jptosso/coraza-waf/pkg/waf/transformations/normalise_path_win.go:52.67,54.7 1 0
github.com/jptosso/coraza-waf/pkg/waf/transformations/normalise_path_win.go:55.87,58.11 2 0
github.com/jptosso/coraza-waf/pkg/waf/transformations/normalise_path_win.go:74.11,77.53 1 0
github.com/jptosso/coraza-waf/pkg/waf/transformations/normalise_path_win.go:81.4,81.50 1 0
github.com/jptosso/coraza-waf/pkg/waf/transformations/normalise_path_win.go:59.24,62.62 2 0
github.com/jptosso/coraza-waf/pkg/waf/transformations/normalise_path_win.go:65.17,67.18 1 0
github.com/jptosso/coraza-waf/pkg/waf/transformations/normalise_path_win.go:70.5,72.19 3 0
github.com/jptosso/coraza-waf/pkg/waf/transformations/normalise_path_win.go:62.62,64.6 1 0
github.com/jptosso/coraza-waf/pkg/waf/transformations/normalise_path_win.go:67.18,69.6 1 0
github.com/jptosso/coraza-waf/pkg/waf/transformations/normalise_path_win.go:77.53,79.5 1 0
github.com/jptosso/coraza-waf/pkg/waf/transformations/normalise_path_win.go:81.50,83.5 1 0
github.com/jptosso/coraza-waf/pkg/waf/transformations/normalise_path_win.go:88.16,90.3 1 0
github.com/jptosso/coraza-waf/pkg/waf/transformations/normalise_path_win.go:95.36,97.2 1 0
github.com/jptosso/coraza-waf/pkg/waf/transformations/normalise_path_win.go:99.37,100.19 1 0
github.com/jptosso/coraza-waf/pkg/waf/transformations/normalise_path_win.go:104.2,105.70 2 0
github.com/jptosso/coraza-waf/pkg/waf/transformations/normalise_path_win.go:109.2,110.39 1 0
github.com/jptosso/coraza-waf/pkg/waf/transformations/normalise_path_win.go:132.2,132.10 1 0
github.com/jptosso/coraza-waf/pkg/waf/transformations/normalise_path_win.go:100.19,102.3 1 0
github.com/jptosso/coraza-waf/pkg/waf/transformations/normalise_path_win.go:105.70,107.3 1 0
github.com/jptosso/coraza-waf/pkg/waf/transformations/normalise_path_win.go:110.39,112.28 1 0
github.com/jptosso/coraza-waf/pkg/waf/transformations/normalise_path_win.go:112.28,114.24 1 0
github.com/jptosso/coraza-waf/pkg/waf/transformations/normalise_path_win.go:114.24,117.26 2 0
github.com/jptosso/coraza-waf/pkg/waf/transformations/normalise_path_win.go:128.5,128.10 1 0
github.com/jptosso/coraza-waf/pkg/waf/transformations/normalise_path_win.go:117.26,118.24 1 0
github.com/jptosso/coraza-waf/pkg/waf/transformations/normalise_path_win.go:121.6,121.23 1 0
github.com/jptosso/coraza-waf/pkg/waf/transformations/normalise_path_win.go:126.6,126.14 1 0
github.com/jptosso/coraza-waf/pkg/waf/transformations/normalise_path_win.go:118.24,119.12 1 0
github.com/jptosso/coraza-waf/pkg/waf/transformations/normalise_path_win.go:121.23,122.27 1 0
github.com/jptosso/coraza-waf/pkg/waf/transformations/normalise_path_win.go:122.27,123.13 1 0
github.com/jptosso/coraza-waf/pkg/waf/transformations/normalise_path_win.go:135.28,137.2 1 0
github.com/jptosso/coraza-waf/pkg/waf/transformations/normalise_path_win.go:147.37,148.18 1 0
github.com/jptosso/coraza-waf/pkg/waf/transformations/normalise_path_win.go:151.2,151.18 1 0
github.com/jptosso/coraza-waf/pkg/waf/transformations/normalise_path_win.go:148.18,150.3 1 0
github.com/jptosso/coraza-waf/pkg/waf/transformations/normalise_path_win.go:154.34,155.18 1 0
github.com/jptosso/coraza-waf/pkg/waf/transformations/normalise_path_win.go:163.2,164.7 2 0
github.com/jptosso/coraza-waf/pkg/waf/transformations/normalise_path_win.go:155.18,156.44 1 0
github.com/jptosso/coraza-waf/pkg/waf/transformations/normalise_path_win.go:160.3,161.28 2 0
github.com/jptosso/coraza-waf/pkg/waf/transformations/normalise_path_win.go:156.44,159.4 2 0
github.com/jptosso/coraza-waf/pkg/waf/transformations/normalise_path_win.go:167.35,168.18 1 0
github.com/jptosso/coraza-waf/pkg/waf/transformations/normalise_path_win.go:171.2,171.54 1 0
github.com/jptosso/coraza-waf/pkg/waf/transformations/normalise_path_win.go:168.18,170.3 1 0
github.com/jptosso/coraza-waf/pkg/waf/transformations/replace_comments.go:6.41,10.2 3 0
github.com/jptosso/coraza-waf/pkg/waf/transformations/sha1.go:8.30,12.2 3 0
github.com/jptosso/coraza-waf/pkg/waf/transformations/none.go:5.30,7.2 1 0
github.com/jptosso/coraza-waf/pkg/waf/transformations/remove_nulls.go:6.37,9.2 2 0
github.com/jptosso/coraza-waf/pkg/waf/transformations/replace_nulls.go:6.38,9.2 2 0
github.com/jptosso/coraza-waf/pkg/waf/transformations/url_decode.go:7.36,9.16 2 0
github.com/jptosso/coraza-waf/pkg/waf/transformations/url_decode.go:12.2,12.14 1 0
github.com/jptosso/coraza-waf/pkg/waf/transformations/url_decode.go:9.16,11.3 1 0
github.com/jptosso/coraza-waf/pkg/waf/transformations/cmd_line.go:20.33,23.23 3 0
github.com/jptosso/coraza-waf/pkg/waf/transformations/cmd_line.go:66.2,66.13 1 0
github.com/jptosso/coraza-waf/pkg/waf/transformations/cmd_line.go:23.23,24.20 1 0
github.com/jptosso/coraza-waf/pkg/waf/transformations/cmd_line.go:26.22,26.22 0 0
github.com/jptosso/coraza-waf/pkg/waf/transformations/cmd_line.go:27.23,27.23 0 0
github.com/jptosso/coraza-waf/pkg/waf/transformations/cmd_line.go:28.23,28.23 0 0
github.com/jptosso/coraza-waf/pkg/waf/transformations/cmd_line.go:29.22,30.22 1 0
github.com/jptosso/coraza-waf/pkg/waf/transformations/cmd_line.go:33.22,33.22 0 0
github.com/jptosso/coraza-waf/pkg/waf/transformations/cmd_line.go:34.22,34.22 0 0
github.com/jptosso/coraza-waf/pkg/waf/transformations/cmd_line.go:35.22,35.22 0 0
github.com/jptosso/coraza-waf/pkg/waf/transformations/cmd_line.go:36.23,36.23 0 0
github.com/jptosso/coraza-waf/pkg/waf/transformations/cmd_line.go:37.23,37.23 0 0
github.com/jptosso/coraza-waf/pkg/waf/transformations/cmd_line.go:38.23,39.33 1 0
github.com/jptosso/coraza-waf/pkg/waf/transformations/cmd_line.go:44.17,44.22 1 0
github.com/jptosso/coraza-waf/pkg/waf/transformations/cmd_line.go:47.22,47.22 0 0
github.com/jptosso/coraza-waf/pkg/waf/transformations/cmd_line.go:48.22,49.33 1 0
github.com/jptosso/coraza-waf/pkg/waf/transformations/cmd_line.go:53.17,56.22 3 0
github.com/jptosso/coraza-waf/pkg/waf/transformations/cmd_line.go:59.22,63.22 4 0
github.com/jptosso/coraza-waf/pkg/waf/transformations/cmd_line.go:39.33,43.18 2 0
github.com/jptosso/coraza-waf/pkg/waf/transformations/cmd_line.go:49.33,52.18 1 0
github.com/jptosso/coraza-waf/pkg/waf/transformations/compress_whitespace.go:6.44,9.2 2 0
github.com/jptosso/coraza-waf/pkg/waf/transformations/js_decode.go:6.34,9.2 1 0
github.com/jptosso/coraza-waf/pkg/waf/transformations/lowercase.go:6.35,8.2 1 0
github.com/jptosso/coraza-waf/pkg/waf/transformations/utf8_to_unicode.go:9.39,11.16 2 0
github.com/jptosso/coraza-waf/pkg/waf/transformations/utf8_to_unicode.go:16.2,17.25 2 0
github.com/jptosso/coraza-waf/pkg/waf/transformations/utf8_to_unicode.go:20.2,20.12 1 0
github.com/jptosso/coraza-waf/pkg/waf/transformations/utf8_to_unicode.go:11.16,15.3 2 0
github.com/jptosso/coraza-waf/pkg/waf/transformations/utf8_to_unicode.go:17.25,19.3 1 0
github.com/jptosso/coraza-waf/pkg/waf/transformations/utf8_to_unicode.go:23.33,24.13 1 0
github.com/jptosso/coraza-waf/pkg/waf/transformations/utf8_to_unicode.go:24.13,26.3 1 0
github.com/jptosso/coraza-waf/pkg/waf/transformations/utf8_to_unicode.go:26.8,28.3 1 0
github.com/jptosso/coraza-waf/pkg/waf/transformations/length.go:6.32,8.2 1 0
github.com/jptosso/coraza-waf/pkg/waf/transformations/remove_whitespace.go:6.42,9.2 2 0
github.com/jptosso/coraza-waf/pkg/waf/transformations/transformations.go:3.50,28.2 1 0
github.com/jptosso/coraza-waf/pkg/waf/transformations/base64decode.go:6.38,8.15 2 1
github.com/jptosso/coraza-waf/pkg/waf/transformations/base64decode.go:11.2,11.22 1 1
github.com/jptosso/coraza-waf/pkg/waf/transformations/base64decode.go:8.15,10.3 1 0
github.com/jptosso/coraza-waf/pkg/waf/transformations/css_decode.go:6.35,9.2 1 0
github.com/jptosso/coraza-waf/pkg/waf/transformations/html_entity_decode.go:6.42,8.2 1 0
github.com/jptosso/coraza-waf/pkg/waf/transformations/normalise_path.go:6.39,8.2 1 0
github.com/jptosso/coraza-waf/pkg/waf/operators/ends_with.go:12.37,14.2 1 0
github.com/jptosso/coraza-waf/pkg/waf/operators/ends_with.go:16.71,18.2 1 0
github.com/jptosso/coraza-waf/pkg/waf/operators/validate_byte_range.go:15.46,17.2 1 0
github.com/jptosso/coraza-waf/pkg/waf/operators/validate_byte_range.go:19.79,22.24 3 0
github.com/jptosso/coraza-waf/pkg/waf/operators/validate_byte_range.go:38.2,43.22 4 0
github.com/jptosso/coraza-waf/pkg/waf/operators/validate_byte_range.go:22.24,26.31 4 0
github.com/jptosso/coraza-waf/pkg/waf/operators/validate_byte_range.go:34.3,36.62 3 0
github.com/jptosso/coraza-waf/pkg/waf/operators/validate_byte_range.go:26.31,30.4 3 0
github.com/jptosso/coraza-waf/pkg/waf/operators/validate_byte_range.go:30.8,33.4 2 0
github.com/jptosso/coraza-waf/pkg/waf/operators/validate_url_encoding.go:10.49,12.2 0 0
github.com/jptosso/coraza-waf/pkg/waf/operators/validate_url_encoding.go:14.82,17.24 2 0
github.com/jptosso/coraza-waf/pkg/waf/operators/validate_url_encoding.go:21.5,22.17 2 0
github.com/jptosso/coraza-waf/pkg/waf/operators/validate_url_encoding.go:42.5,42.15 1 0
github.com/jptosso/coraza-waf/pkg/waf/operators/validate_url_encoding.go:17.24,19.6 1 0
github.com/jptosso/coraza-waf/pkg/waf/operators/validate_url_encoding.go:23.17,26.18 2 0
github.com/jptosso/coraza-waf/pkg/waf/operators/validate_url_encoding.go:27.18,30.18 2 0
github.com/jptosso/coraza-waf/pkg/waf/operators/validate_url_encoding.go:31.18,34.18 2 0
github.com/jptosso/coraza-waf/pkg/waf/operators/validate_url_encoding.go:35.18,35.18 0 0
github.com/jptosso/coraza-waf/pkg/waf/operators/validate_url_encoding.go:36.18,39.18 2 0
github.com/jptosso/coraza-waf/pkg/waf/operators/validate_url_encoding.go:45.44,49.26 3 0
github.com/jptosso/coraza-waf/pkg/waf/operators/validate_url_encoding.go:53.5,53.26 1 0
github.com/jptosso/coraza-waf/pkg/waf/operators/validate_url_encoding.go:76.5,76.13 1 0
github.com/jptosso/coraza-waf/pkg/waf/operators/validate_url_encoding.go:49.26,51.6 1 0
github.com/jptosso/coraza-waf/pkg/waf/operators/validate_url_encoding.go:53.26,54.30 1 0
github.com/jptosso/coraza-waf/pkg/waf/operators/validate_url_encoding.go:54.30,55.38 1 0
github.com/jptosso/coraza-waf/pkg/waf/operators/validate_url_encoding.go:55.38,58.14 1 0
github.com/jptosso/coraza-waf/pkg/waf/operators/validate_url_encoding.go:58.19,65.213 3 0
github.com/jptosso/coraza-waf/pkg/waf/operators/validate_url_encoding.go:65.213,67.18 1 0
github.com/jptosso/coraza-waf/pkg/waf/operators/validate_url_encoding.go:67.23,70.18 1 0
github.com/jptosso/coraza-waf/pkg/waf/operators/validate_url_encoding.go:72.15,74.10 1 0
github.com/jptosso/coraza-waf/pkg/waf/operators/begins_with.go:13.39,16.2 2 1
github.com/jptosso/coraza-waf/pkg/waf/operators/begins_with.go:18.73,19.24 1 1
github.com/jptosso/coraza-waf/pkg/waf/operators/begins_with.go:22.2,22.34 1 1
github.com/jptosso/coraza-waf/pkg/waf/operators/begins_with.go:19.24,21.3 1 0
github.com/jptosso/coraza-waf/pkg/waf/operators/le.go:13.31,16.2 2 0
github.com/jptosso/coraza-waf/pkg/waf/operators/le.go:18.65,20.16 2 0
github.com/jptosso/coraza-waf/pkg/waf/operators/le.go:24.2,24.20 1 0
github.com/jptosso/coraza-waf/pkg/waf/operators/le.go:20.16,23.3 1 0
github.com/jptosso/coraza-waf/pkg/waf/operators/no_match.go:3.43,5.2 1 0
github.com/jptosso/coraza-waf/pkg/waf/operators/rx.go:13.31,15.2 1 0
github.com/jptosso/coraza-waf/pkg/waf/operators/rx.go:17.65,23.15 6 0
github.com/jptosso/coraza-waf/pkg/waf/operators/rx.go:26.2,26.25 1 0
github.com/jptosso/coraza-waf/pkg/waf/operators/rx.go:41.2,41.20 1 0
github.com/jptosso/coraza-waf/pkg/waf/operators/rx.go:23.15,25.3 1 0
github.com/jptosso/coraza-waf/pkg/waf/operators/rx.go:26.25,28.16 2 0
github.com/jptosso/coraza-waf/pkg/waf/operators/rx.go:31.3,32.26 2 0
github.com/jptosso/coraza-waf/pkg/waf/operators/rx.go:35.6,36.15 2 0
github.com/jptosso/coraza-waf/pkg/waf/operators/rx.go:28.16,30.4 1 0
github.com/jptosso/coraza-waf/pkg/waf/operators/rx.go:32.26,33.12 1 0
github.com/jptosso/coraza-waf/pkg/waf/operators/rx.go:36.15,38.12 1 0
github.com/jptosso/coraza-waf/pkg/waf/operators/streq.go:10.34,12.2 1 0
github.com/jptosso/coraza-waf/pkg/waf/operators/streq.go:14.68,16.2 1 0
github.com/jptosso/coraza-waf/pkg/waf/operators/detect_sqli.go:10.40,11.2 0 0
github.com/jptosso/coraza-waf/pkg/waf/operators/detect_sqli.go:13.73,16.2 2 0
github.com/jptosso/coraza-waf/pkg/waf/operators/ge.go:12.31,15.2 2 0
github.com/jptosso/coraza-waf/pkg/waf/operators/ge.go:17.65,19.16 2 0
github.com/jptosso/coraza-waf/pkg/waf/operators/ge.go:22.2,22.20 1 0
github.com/jptosso/coraza-waf/pkg/waf/operators/ge.go:19.16,21.3 1 0
github.com/jptosso/coraza-waf/pkg/waf/operators/ip_match.go:13.36,16.28 3 0
github.com/jptosso/coraza-waf/pkg/waf/operators/ip_match.go:16.28,18.16 2 0
github.com/jptosso/coraza-waf/pkg/waf/operators/ip_match.go:26.3,26.40 1 0
github.com/jptosso/coraza-waf/pkg/waf/operators/ip_match.go:18.16,21.17 2 0
github.com/jptosso/coraza-waf/pkg/waf/operators/ip_match.go:21.17,23.13 2 0
github.com/jptosso/coraza-waf/pkg/waf/operators/ip_match.go:30.70,32.34 2 0
github.com/jptosso/coraza-waf/pkg/waf/operators/ip_match.go:37.5,37.17 1 0
github.com/jptosso/coraza-waf/pkg/waf/operators/ip_match.go:32.34,33.25 1 0
github.com/jptosso/coraza-waf/pkg/waf/operators/ip_match.go:33.25,35.4 1 0
github.com/jptosso/coraza-waf/pkg/waf/operators/lt.go:12.31,15.2 2 0
github.com/jptosso/coraza-waf/pkg/waf/operators/lt.go:17.65,19.16 2 0
github.com/jptosso/coraza-waf/pkg/waf/operators/lt.go:23.2,23.19 1 0
github.com/jptosso/coraza-waf/pkg/waf/operators/lt.go:19.16,22.3 1 0
github.com/jptosso/coraza-waf/pkg/waf/operators/pm.go:12.31,15.2 1 0
github.com/jptosso/coraza-waf/pkg/waf/operators/pm.go:17.65,25.2 3 0
github.com/jptosso/coraza-waf/pkg/waf/operators/pm.go:27.30,29.2 1 0
github.com/jptosso/coraza-waf/pkg/waf/operators/operators.go:5.48,30.2 1 0
github.com/jptosso/coraza-waf/pkg/waf/operators/rbl.go:13.32,15.2 1 0
github.com/jptosso/coraza-waf/pkg/waf/operators/rbl.go:19.66,24.18 4 0
github.com/jptosso/coraza-waf/pkg/waf/operators/rbl.go:32.2,32.15 1 0
github.com/jptosso/coraza-waf/pkg/waf/operators/rbl.go:36.2,36.16 1 0
github.com/jptosso/coraza-waf/pkg/waf/operators/rbl.go:39.2,39.14 1 0
github.com/jptosso/coraza-waf/pkg/waf/operators/rbl.go:24.18,26.19 2 0
github.com/jptosso/coraza-waf/pkg/waf/operators/rbl.go:30.3,30.14 1 0
github.com/jptosso/coraza-waf/pkg/waf/operators/rbl.go:26.20,28.4 0 0
github.com/jptosso/coraza-waf/pkg/waf/operators/rbl.go:32.15,35.3 1 0
github.com/jptosso/coraza-waf/pkg/waf/operators/rbl.go:36.17,38.3 0 0
github.com/jptosso/coraza-waf/pkg/waf/operators/gt.go:12.31,15.2 2 0
github.com/jptosso/coraza-waf/pkg/waf/operators/gt.go:17.65,19.16 2 0
github.com/jptosso/coraza-waf/pkg/waf/operators/gt.go:22.2,22.19 1 0
github.com/jptosso/coraza-waf/pkg/waf/operators/gt.go:19.16,21.3 1 0
github.com/jptosso/coraza-waf/pkg/waf/operators/inspect_file.go:6.47,9.2 1 0
github.com/jptosso/coraza-waf/pkg/waf/operators/unconditional_match.go:9.48,10.2 0 0
github.com/jptosso/coraza-waf/pkg/waf/operators/unconditional_match.go:12.81,14.2 1 0
github.com/jptosso/coraza-waf/pkg/waf/operators/validate_utf8_encoding.go:10.50,11.2 0 0
github.com/jptosso/coraza-waf/pkg/waf/operators/validate_utf8_encoding.go:13.83,15.2 1 0
github.com/jptosso/coraza-waf/pkg/waf/operators/within.go:12.35,14.21 2 0
github.com/jptosso/coraza-waf/pkg/waf/operators/within.go:17.2,17.21 1 0
github.com/jptosso/coraza-waf/pkg/waf/operators/within.go:14.21,16.3 1 0
github.com/jptosso/coraza-waf/pkg/waf/operators/within.go:17.21,19.3 1 0
github.com/jptosso/coraza-waf/pkg/waf/operators/within.go:22.69,24.21 2 0
github.com/jptosso/coraza-waf/pkg/waf/operators/within.go:29.2,29.24 1 0
github.com/jptosso/coraza-waf/pkg/waf/operators/within.go:34.2,34.14 1 0
github.com/jptosso/coraza-waf/pkg/waf/operators/within.go:24.21,28.3 3 0
github.com/jptosso/coraza-waf/pkg/waf/operators/within.go:29.24,30.16 1 0
github.com/jptosso/coraza-waf/pkg/waf/operators/within.go:30.16,32.4 1 0
github.com/jptosso/coraza-waf/pkg/waf/operators/contains.go:12.37,14.2 1 1
github.com/jptosso/coraza-waf/pkg/waf/operators/contains.go:16.71,18.2 1 1
github.com/jptosso/coraza-waf/pkg/waf/operators/eq.go:11.31,13.2 1 0
github.com/jptosso/coraza-waf/pkg/waf/operators/eq.go:15.65,17.2 1 0
github.com/jptosso/coraza-waf/pkg/waf/operators/fuzzy_hash.go:11.38,13.2 1 0
github.com/jptosso/coraza-waf/pkg/waf/operators/fuzzy_hash.go:15.72,17.2 1 0
github.com/jptosso/coraza-waf/pkg/waf/operators/geo_lookup.go:13.39,15.2 0 0
github.com/jptosso/coraza-waf/pkg/waf/operators/geo_lookup.go:17.72,18.23 1 0
github.com/jptosso/coraza-waf/pkg/waf/operators/geo_lookup.go:21.2,23.15 3 0
github.com/jptosso/coraza-waf/pkg/waf/operators/geo_lookup.go:26.2,29.13 4 0
github.com/jptosso/coraza-waf/pkg/waf/operators/geo_lookup.go:18.23,20.3 1 0
github.com/jptosso/coraza-waf/pkg/waf/operators/geo_lookup.go:23.15,25.3 1 0
github.com/jptosso/coraza-waf/pkg/waf/operators/detect_xss.go:10.39,11.2 0 0
github.com/jptosso/coraza-waf/pkg/waf/operators/detect_xss.go:13.72,15.2 1 0
github.com/jptosso/coraza-waf/pkg/waf/operators/ip_match_from_file.go:3.51,5.2 1 0
github.com/jptosso/coraza-waf/pkg/waf/operators/pm_from_file.go:16.39,19.18 3 0
github.com/jptosso/coraza-waf/pkg/waf/operators/pm_from_file.go:23.5,24.26 2 0
github.com/jptosso/coraza-waf/pkg/waf/operators/pm_from_file.go:19.18,22.6 2 0
github.com/jptosso/coraza-waf/pkg/waf/operators/pm_from_file.go:24.26,25.20 1 0
github.com/jptosso/coraza-waf/pkg/waf/operators/pm_from_file.go:28.6,28.20 1 0
github.com/jptosso/coraza-waf/pkg/waf/operators/pm_from_file.go:25.20,26.15 1 0
github.com/jptosso/coraza-waf/pkg/waf/operators/pm_from_file.go:28.20,30.7 1 0
github.com/jptosso/coraza-waf/pkg/waf/operators/pm_from_file.go:34.73,42.2 3 0
github.com/jptosso/coraza-waf/pkg/waf/operators/pm_from_file.go:44.38,46.2 1 0
